[2024-09-09T21:32:05.920+0000] {local_task_job_runner.py:123} INFO - ::group::Pre task execution logs
[2024-09-09T21:32:05.939+0000] {taskinstance.py:2612} INFO - Dependencies all met for dep_context=non-requeueable deps ti=<TaskInstance: main.query_postgres manual__2024-09-09T21:32:03.537718+00:00 [queued]>
[2024-09-09T21:32:05.948+0000] {taskinstance.py:2612} INFO - Dependencies all met for dep_context=requeueable deps ti=<TaskInstance: main.query_postgres manual__2024-09-09T21:32:03.537718+00:00 [queued]>
[2024-09-09T21:32:05.949+0000] {taskinstance.py:2865} INFO - Starting attempt 1 of 1
[2024-09-09T21:32:05.964+0000] {taskinstance.py:2888} INFO - Executing <Task(PythonOperator): query_postgres> on 2024-09-09 21:32:03.537718+00:00
[2024-09-09T21:32:05.969+0000] {warnings.py:112} WARNING - /home/***/.local/lib/python3.12/site-packages/***/task/task_runner/standard_task_runner.py:70: DeprecationWarning: This process (pid=984) is multi-threaded, use of fork() may lead to deadlocks in the child.
  pid = os.fork()

[2024-09-09T21:32:05.971+0000] {standard_task_runner.py:72} INFO - Started process 985 to run task
[2024-09-09T21:32:05.972+0000] {standard_task_runner.py:104} INFO - Running: ['***', 'tasks', 'run', 'main', 'query_postgres', 'manual__2024-09-09T21:32:03.537718+00:00', '--job-id', '225', '--raw', '--subdir', 'DAGS_FOLDER/main.py', '--cfg-path', '/tmp/tmpewy15l2q']
[2024-09-09T21:32:05.973+0000] {standard_task_runner.py:105} INFO - Job 225: Subtask query_postgres
[2024-09-09T21:32:06.023+0000] {task_command.py:467} INFO - Running <TaskInstance: main.query_postgres manual__2024-09-09T21:32:03.537718+00:00 [running]> on host 1172ef8b9371
[2024-09-09T21:32:06.116+0000] {taskinstance.py:3131} INFO - Exporting env vars: AIRFLOW_CTX_DAG_OWNER='***' AIRFLOW_CTX_DAG_ID='main' AIRFLOW_CTX_TASK_ID='query_postgres' AIRFLOW_CTX_EXECUTION_DATE='2024-09-09T21:32:03.537718+00:00' AIRFLOW_CTX_TRY_NUMBER='1' AIRFLOW_CTX_DAG_RUN_ID='manual__2024-09-09T21:32:03.537718+00:00'
[2024-09-09T21:32:06.117+0000] {taskinstance.py:731} INFO - ::endgroup::
[2024-09-09T21:32:06.179+0000] {logging_mixin.py:190} INFO - PostgreSQL version:                                                        version                                                       
---------------------------------------------------------------------------------------------------------------------
 PostgreSQL 15.8 (Debian 15.8-1.pgdg120+1) on x86_64-pc-linux-gnu, compiled by gcc (Debian 12.2.0-14) 12.2.0, 64-bit
(1 row)
[2024-09-09T21:32:06.180+0000] {python.py:240} INFO - Done. Returned value was: None
[2024-09-09T21:32:06.192+0000] {taskinstance.py:340} INFO - ::group::Post task execution logs
[2024-09-09T21:32:06.193+0000] {taskinstance.py:352} INFO - Marking task as SUCCESS. dag_id=main, task_id=query_postgres, run_id=manual__2024-09-09T21:32:03.537718+00:00, execution_date=20240909T213203, start_date=20240909T213205, end_date=20240909T213206
[2024-09-09T21:32:06.239+0000] {local_task_job_runner.py:266} INFO - Task exited with return code 0
[2024-09-09T21:32:06.268+0000] {taskinstance.py:3900} INFO - 1 downstream tasks scheduled from follow-on schedule check
[2024-09-09T21:32:06.270+0000] {local_task_job_runner.py:245} INFO - ::endgroup::
