[2024-09-10T18:26:38.959+0000] {local_task_job_runner.py:123} INFO - ::group::Pre task execution logs
[2024-09-10T18:26:38.983+0000] {taskinstance.py:2612} INFO - Dependencies all met for dep_context=non-requeueable deps ti=<TaskInstance: main.query_clickhouse manual__2024-09-10T18:26:37.247426+00:00 [queued]>
[2024-09-10T18:26:38.995+0000] {taskinstance.py:2612} INFO - Dependencies all met for dep_context=requeueable deps ti=<TaskInstance: main.query_clickhouse manual__2024-09-10T18:26:37.247426+00:00 [queued]>
[2024-09-10T18:26:38.996+0000] {taskinstance.py:2865} INFO - Starting attempt 1 of 1
[2024-09-10T18:26:39.016+0000] {taskinstance.py:2888} INFO - Executing <Task(PythonOperator): query_clickhouse> on 2024-09-10 18:26:37.247426+00:00
[2024-09-10T18:26:39.021+0000] {warnings.py:112} WARNING - /home/***/.local/lib/python3.12/site-packages/***/task/task_runner/standard_task_runner.py:70: DeprecationWarning: This process (pid=4633) is multi-threaded, use of fork() may lead to deadlocks in the child.
  pid = os.fork()

[2024-09-10T18:26:39.023+0000] {standard_task_runner.py:72} INFO - Started process 4634 to run task
[2024-09-10T18:26:39.024+0000] {standard_task_runner.py:104} INFO - Running: ['***', 'tasks', 'run', 'main', 'query_clickhouse', 'manual__2024-09-10T18:26:37.247426+00:00', '--job-id', '313', '--raw', '--subdir', 'DAGS_FOLDER/main.py', '--cfg-path', '/tmp/tmp21ga3u9k']
[2024-09-10T18:26:39.025+0000] {standard_task_runner.py:105} INFO - Job 313: Subtask query_clickhouse
[2024-09-10T18:26:39.081+0000] {task_command.py:467} INFO - Running <TaskInstance: main.query_clickhouse manual__2024-09-10T18:26:37.247426+00:00 [running]> on host 276739585c9a
[2024-09-10T18:26:39.182+0000] {taskinstance.py:3131} INFO - Exporting env vars: AIRFLOW_CTX_DAG_OWNER='***' AIRFLOW_CTX_DAG_ID='main' AIRFLOW_CTX_TASK_ID='query_clickhouse' AIRFLOW_CTX_EXECUTION_DATE='2024-09-10T18:26:37.247426+00:00' AIRFLOW_CTX_TRY_NUMBER='1' AIRFLOW_CTX_DAG_RUN_ID='manual__2024-09-10T18:26:37.247426+00:00'
[2024-09-10T18:26:39.183+0000] {taskinstance.py:731} INFO - ::endgroup::
[2024-09-10T18:26:39.213+0000] {logging_mixin.py:190} INFO - ClickHouse version: 22.1.3.7
[2024-09-10T18:26:39.214+0000] {python.py:240} INFO - Done. Returned value was: None
[2024-09-10T18:26:39.230+0000] {taskinstance.py:340} INFO - ::group::Post task execution logs
[2024-09-10T18:26:39.231+0000] {taskinstance.py:352} INFO - Marking task as SUCCESS. dag_id=main, task_id=query_clickhouse, run_id=manual__2024-09-10T18:26:37.247426+00:00, execution_date=20240910T182637, start_date=20240910T182638, end_date=20240910T182639
[2024-09-10T18:26:39.251+0000] {local_task_job_runner.py:266} INFO - Task exited with return code 0
[2024-09-10T18:26:39.287+0000] {taskinstance.py:3900} INFO - 1 downstream tasks scheduled from follow-on schedule check
[2024-09-10T18:26:39.294+0000] {local_task_job_runner.py:245} INFO - ::endgroup::
