[2024-09-11T18:56:33.449+0000] {processor.py:186} INFO - Started process (PID=52) to work on /opt/airflow/dags/main.py
[2024-09-11T18:56:33.454+0000] {processor.py:914} INFO - Processing file /opt/airflow/dags/main.py for tasks to queue
[2024-09-11T18:56:33.464+0000] {logging_mixin.py:190} INFO - [2024-09-11T18:56:33.464+0000] {dagbag.py:587} INFO - Filling up the DagBag from /opt/airflow/dags/main.py
[2024-09-11T18:56:34.063+0000] {processor.py:925} INFO - DAG(s) 'main' retrieved from /opt/airflow/dags/main.py
[2024-09-11T18:56:34.616+0000] {logging_mixin.py:190} INFO - [2024-09-11T18:56:34.615+0000] {dag.py:3229} INFO - Sync 1 DAGs
[2024-09-11T18:56:34.636+0000] {logging_mixin.py:190} INFO - [2024-09-11T18:56:34.636+0000] {dag.py:4156} INFO - Setting next_dagrun for main to None, run_after=None
[2024-09-11T18:56:34.665+0000] {processor.py:208} INFO - Processing /opt/airflow/dags/main.py took 1.236 seconds
[2024-09-11T18:57:04.844+0000] {processor.py:186} INFO - Started process (PID=58) to work on /opt/airflow/dags/main.py
[2024-09-11T18:57:04.845+0000] {processor.py:914} INFO - Processing file /opt/airflow/dags/main.py for tasks to queue
[2024-09-11T18:57:04.849+0000] {logging_mixin.py:190} INFO - [2024-09-11T18:57:04.848+0000] {dagbag.py:587} INFO - Filling up the DagBag from /opt/airflow/dags/main.py
[2024-09-11T18:57:05.119+0000] {processor.py:925} INFO - DAG(s) 'main' retrieved from /opt/airflow/dags/main.py
[2024-09-11T18:57:05.147+0000] {logging_mixin.py:190} INFO - [2024-09-11T18:57:05.147+0000] {dag.py:3229} INFO - Sync 1 DAGs
[2024-09-11T18:57:05.163+0000] {logging_mixin.py:190} INFO - [2024-09-11T18:57:05.163+0000] {dag.py:4156} INFO - Setting next_dagrun for main to None, run_after=None
[2024-09-11T18:57:05.184+0000] {processor.py:208} INFO - Processing /opt/airflow/dags/main.py took 0.349 seconds
[2024-09-11T18:57:35.437+0000] {processor.py:186} INFO - Started process (PID=65) to work on /opt/airflow/dags/main.py
[2024-09-11T18:57:35.439+0000] {processor.py:914} INFO - Processing file /opt/airflow/dags/main.py for tasks to queue
[2024-09-11T18:57:35.442+0000] {logging_mixin.py:190} INFO - [2024-09-11T18:57:35.441+0000] {dagbag.py:587} INFO - Filling up the DagBag from /opt/airflow/dags/main.py
[2024-09-11T18:57:35.712+0000] {processor.py:925} INFO - DAG(s) 'main' retrieved from /opt/airflow/dags/main.py
[2024-09-11T18:57:35.741+0000] {logging_mixin.py:190} INFO - [2024-09-11T18:57:35.741+0000] {dag.py:3229} INFO - Sync 1 DAGs
[2024-09-11T18:57:35.758+0000] {logging_mixin.py:190} INFO - [2024-09-11T18:57:35.757+0000] {dag.py:4156} INFO - Setting next_dagrun for main to None, run_after=None
[2024-09-11T18:57:35.777+0000] {processor.py:208} INFO - Processing /opt/airflow/dags/main.py took 0.348 seconds
[2024-09-11T18:58:06.027+0000] {processor.py:186} INFO - Started process (PID=72) to work on /opt/airflow/dags/main.py
[2024-09-11T18:58:06.029+0000] {processor.py:914} INFO - Processing file /opt/airflow/dags/main.py for tasks to queue
[2024-09-11T18:58:06.032+0000] {logging_mixin.py:190} INFO - [2024-09-11T18:58:06.031+0000] {dagbag.py:587} INFO - Filling up the DagBag from /opt/airflow/dags/main.py
[2024-09-11T18:58:06.313+0000] {processor.py:925} INFO - DAG(s) 'main' retrieved from /opt/airflow/dags/main.py
[2024-09-11T18:58:06.342+0000] {logging_mixin.py:190} INFO - [2024-09-11T18:58:06.341+0000] {dag.py:3229} INFO - Sync 1 DAGs
[2024-09-11T18:58:06.358+0000] {logging_mixin.py:190} INFO - [2024-09-11T18:58:06.358+0000] {dag.py:4156} INFO - Setting next_dagrun for main to None, run_after=None
[2024-09-11T18:58:06.376+0000] {processor.py:208} INFO - Processing /opt/airflow/dags/main.py took 0.356 seconds
[2024-09-11T18:58:36.624+0000] {processor.py:186} INFO - Started process (PID=79) to work on /opt/airflow/dags/main.py
[2024-09-11T18:58:36.625+0000] {processor.py:914} INFO - Processing file /opt/airflow/dags/main.py for tasks to queue
[2024-09-11T18:58:36.628+0000] {logging_mixin.py:190} INFO - [2024-09-11T18:58:36.627+0000] {dagbag.py:587} INFO - Filling up the DagBag from /opt/airflow/dags/main.py
[2024-09-11T18:58:37.040+0000] {processor.py:925} INFO - DAG(s) 'main' retrieved from /opt/airflow/dags/main.py
[2024-09-11T18:58:37.074+0000] {logging_mixin.py:190} INFO - [2024-09-11T18:58:37.074+0000] {dag.py:3229} INFO - Sync 1 DAGs
[2024-09-11T18:58:37.093+0000] {logging_mixin.py:190} INFO - [2024-09-11T18:58:37.093+0000] {dag.py:4156} INFO - Setting next_dagrun for main to None, run_after=None
[2024-09-11T18:58:37.114+0000] {processor.py:208} INFO - Processing /opt/airflow/dags/main.py took 0.495 seconds
[2024-09-11T18:59:07.396+0000] {processor.py:186} INFO - Started process (PID=91) to work on /opt/airflow/dags/main.py
[2024-09-11T18:59:07.397+0000] {processor.py:914} INFO - Processing file /opt/airflow/dags/main.py for tasks to queue
[2024-09-11T18:59:07.403+0000] {logging_mixin.py:190} INFO - [2024-09-11T18:59:07.402+0000] {dagbag.py:587} INFO - Filling up the DagBag from /opt/airflow/dags/main.py
[2024-09-11T18:59:07.844+0000] {processor.py:925} INFO - DAG(s) 'main' retrieved from /opt/airflow/dags/main.py
[2024-09-11T18:59:07.899+0000] {logging_mixin.py:190} INFO - [2024-09-11T18:59:07.898+0000] {dag.py:3229} INFO - Sync 1 DAGs
[2024-09-11T18:59:07.936+0000] {logging_mixin.py:190} INFO - [2024-09-11T18:59:07.935+0000] {dag.py:4156} INFO - Setting next_dagrun for main to None, run_after=None
[2024-09-11T18:59:07.973+0000] {processor.py:208} INFO - Processing /opt/airflow/dags/main.py took 0.586 seconds
[2024-09-11T18:59:38.242+0000] {processor.py:186} INFO - Started process (PID=98) to work on /opt/airflow/dags/main.py
[2024-09-11T18:59:38.243+0000] {processor.py:914} INFO - Processing file /opt/airflow/dags/main.py for tasks to queue
[2024-09-11T18:59:38.248+0000] {logging_mixin.py:190} INFO - [2024-09-11T18:59:38.247+0000] {dagbag.py:587} INFO - Filling up the DagBag from /opt/airflow/dags/main.py
[2024-09-11T18:59:38.601+0000] {processor.py:925} INFO - DAG(s) 'main' retrieved from /opt/airflow/dags/main.py
[2024-09-11T18:59:38.625+0000] {logging_mixin.py:190} INFO - [2024-09-11T18:59:38.625+0000] {dag.py:3229} INFO - Sync 1 DAGs
[2024-09-11T18:59:38.639+0000] {logging_mixin.py:190} INFO - [2024-09-11T18:59:38.638+0000] {dag.py:4156} INFO - Setting next_dagrun for main to None, run_after=None
[2024-09-11T18:59:38.654+0000] {processor.py:208} INFO - Processing /opt/airflow/dags/main.py took 0.423 seconds
[2024-09-11T19:00:09.063+0000] {processor.py:186} INFO - Started process (PID=105) to work on /opt/airflow/dags/main.py
[2024-09-11T19:00:09.064+0000] {processor.py:914} INFO - Processing file /opt/airflow/dags/main.py for tasks to queue
[2024-09-11T19:00:09.068+0000] {logging_mixin.py:190} INFO - [2024-09-11T19:00:09.067+0000] {dagbag.py:587} INFO - Filling up the DagBag from /opt/airflow/dags/main.py
[2024-09-11T19:00:09.180+0000] {processor.py:925} INFO - DAG(s) 'main' retrieved from /opt/airflow/dags/main.py
[2024-09-11T19:00:09.208+0000] {logging_mixin.py:190} INFO - [2024-09-11T19:00:09.208+0000] {dag.py:3229} INFO - Sync 1 DAGs
[2024-09-11T19:00:09.224+0000] {logging_mixin.py:190} INFO - [2024-09-11T19:00:09.224+0000] {dag.py:4156} INFO - Setting next_dagrun for main to None, run_after=None
[2024-09-11T19:00:09.242+0000] {processor.py:208} INFO - Processing /opt/airflow/dags/main.py took 0.189 seconds
[2024-09-11T19:00:39.308+0000] {processor.py:186} INFO - Started process (PID=112) to work on /opt/airflow/dags/main.py
[2024-09-11T19:00:39.310+0000] {processor.py:914} INFO - Processing file /opt/airflow/dags/main.py for tasks to queue
[2024-09-11T19:00:39.313+0000] {logging_mixin.py:190} INFO - [2024-09-11T19:00:39.313+0000] {dagbag.py:587} INFO - Filling up the DagBag from /opt/airflow/dags/main.py
[2024-09-11T19:00:39.414+0000] {processor.py:925} INFO - DAG(s) 'main' retrieved from /opt/airflow/dags/main.py
[2024-09-11T19:00:39.442+0000] {logging_mixin.py:190} INFO - [2024-09-11T19:00:39.442+0000] {dag.py:3229} INFO - Sync 1 DAGs
[2024-09-11T19:00:39.459+0000] {logging_mixin.py:190} INFO - [2024-09-11T19:00:39.458+0000] {dag.py:4156} INFO - Setting next_dagrun for main to None, run_after=None
[2024-09-11T19:00:39.479+0000] {processor.py:208} INFO - Processing /opt/airflow/dags/main.py took 0.180 seconds
[2024-09-11T19:01:09.823+0000] {processor.py:186} INFO - Started process (PID=119) to work on /opt/airflow/dags/main.py
[2024-09-11T19:01:09.824+0000] {processor.py:914} INFO - Processing file /opt/airflow/dags/main.py for tasks to queue
[2024-09-11T19:01:09.827+0000] {logging_mixin.py:190} INFO - [2024-09-11T19:01:09.826+0000] {dagbag.py:587} INFO - Filling up the DagBag from /opt/airflow/dags/main.py
[2024-09-11T19:01:09.921+0000] {processor.py:925} INFO - DAG(s) 'main' retrieved from /opt/airflow/dags/main.py
[2024-09-11T19:01:09.950+0000] {logging_mixin.py:190} INFO - [2024-09-11T19:01:09.950+0000] {dag.py:3229} INFO - Sync 1 DAGs
[2024-09-11T19:01:09.968+0000] {logging_mixin.py:190} INFO - [2024-09-11T19:01:09.968+0000] {dag.py:4156} INFO - Setting next_dagrun for main to None, run_after=None
[2024-09-11T19:01:09.988+0000] {processor.py:208} INFO - Processing /opt/airflow/dags/main.py took 0.174 seconds
[2024-09-11T19:01:40.204+0000] {processor.py:186} INFO - Started process (PID=125) to work on /opt/airflow/dags/main.py
[2024-09-11T19:01:40.213+0000] {processor.py:914} INFO - Processing file /opt/airflow/dags/main.py for tasks to queue
[2024-09-11T19:01:40.216+0000] {logging_mixin.py:190} INFO - [2024-09-11T19:01:40.215+0000] {dagbag.py:587} INFO - Filling up the DagBag from /opt/airflow/dags/main.py
[2024-09-11T19:01:40.320+0000] {processor.py:925} INFO - DAG(s) 'main' retrieved from /opt/airflow/dags/main.py
[2024-09-11T19:01:40.428+0000] {logging_mixin.py:190} INFO - [2024-09-11T19:01:40.427+0000] {dag.py:3229} INFO - Sync 1 DAGs
[2024-09-11T19:01:40.475+0000] {logging_mixin.py:190} INFO - [2024-09-11T19:01:40.475+0000] {dag.py:4156} INFO - Setting next_dagrun for main to None, run_after=None
[2024-09-11T19:01:40.513+0000] {processor.py:208} INFO - Processing /opt/airflow/dags/main.py took 0.397 seconds
[2024-09-11T19:02:10.633+0000] {processor.py:186} INFO - Started process (PID=132) to work on /opt/airflow/dags/main.py
[2024-09-11T19:02:10.653+0000] {processor.py:914} INFO - Processing file /opt/airflow/dags/main.py for tasks to queue
[2024-09-11T19:02:10.657+0000] {logging_mixin.py:190} INFO - [2024-09-11T19:02:10.656+0000] {dagbag.py:587} INFO - Filling up the DagBag from /opt/airflow/dags/main.py
[2024-09-11T19:02:10.771+0000] {processor.py:925} INFO - DAG(s) 'main' retrieved from /opt/airflow/dags/main.py
[2024-09-11T19:02:10.799+0000] {logging_mixin.py:190} INFO - [2024-09-11T19:02:10.799+0000] {dag.py:3229} INFO - Sync 1 DAGs
[2024-09-11T19:02:10.816+0000] {logging_mixin.py:190} INFO - [2024-09-11T19:02:10.816+0000] {dag.py:4156} INFO - Setting next_dagrun for main to None, run_after=None
[2024-09-11T19:02:10.841+0000] {processor.py:208} INFO - Processing /opt/airflow/dags/main.py took 0.240 seconds
[2024-09-11T19:02:41.090+0000] {processor.py:186} INFO - Started process (PID=139) to work on /opt/airflow/dags/main.py
[2024-09-11T19:02:41.092+0000] {processor.py:914} INFO - Processing file /opt/airflow/dags/main.py for tasks to queue
[2024-09-11T19:02:41.095+0000] {logging_mixin.py:190} INFO - [2024-09-11T19:02:41.095+0000] {dagbag.py:587} INFO - Filling up the DagBag from /opt/airflow/dags/main.py
[2024-09-11T19:02:41.200+0000] {processor.py:925} INFO - DAG(s) 'main' retrieved from /opt/airflow/dags/main.py
[2024-09-11T19:02:41.227+0000] {logging_mixin.py:190} INFO - [2024-09-11T19:02:41.227+0000] {dag.py:3229} INFO - Sync 1 DAGs
[2024-09-11T19:02:41.244+0000] {logging_mixin.py:190} INFO - [2024-09-11T19:02:41.243+0000] {dag.py:4156} INFO - Setting next_dagrun for main to None, run_after=None
[2024-09-11T19:02:41.262+0000] {processor.py:208} INFO - Processing /opt/airflow/dags/main.py took 0.181 seconds
[2024-09-11T19:03:11.333+0000] {processor.py:186} INFO - Started process (PID=146) to work on /opt/airflow/dags/main.py
[2024-09-11T19:03:11.334+0000] {processor.py:914} INFO - Processing file /opt/airflow/dags/main.py for tasks to queue
[2024-09-11T19:03:11.337+0000] {logging_mixin.py:190} INFO - [2024-09-11T19:03:11.337+0000] {dagbag.py:587} INFO - Filling up the DagBag from /opt/airflow/dags/main.py
[2024-09-11T19:03:11.450+0000] {processor.py:925} INFO - DAG(s) 'main' retrieved from /opt/airflow/dags/main.py
[2024-09-11T19:03:11.482+0000] {logging_mixin.py:190} INFO - [2024-09-11T19:03:11.482+0000] {dag.py:3229} INFO - Sync 1 DAGs
[2024-09-11T19:03:11.500+0000] {logging_mixin.py:190} INFO - [2024-09-11T19:03:11.500+0000] {dag.py:4156} INFO - Setting next_dagrun for main to None, run_after=None
[2024-09-11T19:03:11.519+0000] {processor.py:208} INFO - Processing /opt/airflow/dags/main.py took 0.195 seconds
[2024-09-11T19:03:41.817+0000] {processor.py:186} INFO - Started process (PID=153) to work on /opt/airflow/dags/main.py
[2024-09-11T19:03:41.818+0000] {processor.py:914} INFO - Processing file /opt/airflow/dags/main.py for tasks to queue
[2024-09-11T19:03:41.822+0000] {logging_mixin.py:190} INFO - [2024-09-11T19:03:41.821+0000] {dagbag.py:587} INFO - Filling up the DagBag from /opt/airflow/dags/main.py
[2024-09-11T19:03:41.928+0000] {processor.py:925} INFO - DAG(s) 'main' retrieved from /opt/airflow/dags/main.py
[2024-09-11T19:03:41.955+0000] {logging_mixin.py:190} INFO - [2024-09-11T19:03:41.955+0000] {dag.py:3229} INFO - Sync 1 DAGs
[2024-09-11T19:03:41.972+0000] {logging_mixin.py:190} INFO - [2024-09-11T19:03:41.971+0000] {dag.py:4156} INFO - Setting next_dagrun for main to None, run_after=None
[2024-09-11T19:03:41.991+0000] {processor.py:208} INFO - Processing /opt/airflow/dags/main.py took 0.182 seconds
[2024-09-11T19:04:12.060+0000] {processor.py:186} INFO - Started process (PID=160) to work on /opt/airflow/dags/main.py
[2024-09-11T19:04:12.061+0000] {processor.py:914} INFO - Processing file /opt/airflow/dags/main.py for tasks to queue
[2024-09-11T19:04:12.064+0000] {logging_mixin.py:190} INFO - [2024-09-11T19:04:12.064+0000] {dagbag.py:587} INFO - Filling up the DagBag from /opt/airflow/dags/main.py
[2024-09-11T19:04:12.161+0000] {processor.py:925} INFO - DAG(s) 'main' retrieved from /opt/airflow/dags/main.py
[2024-09-11T19:04:12.189+0000] {logging_mixin.py:190} INFO - [2024-09-11T19:04:12.188+0000] {dag.py:3229} INFO - Sync 1 DAGs
[2024-09-11T19:04:12.203+0000] {logging_mixin.py:190} INFO - [2024-09-11T19:04:12.203+0000] {dag.py:4156} INFO - Setting next_dagrun for main to None, run_after=None
[2024-09-11T19:04:12.221+0000] {processor.py:208} INFO - Processing /opt/airflow/dags/main.py took 0.169 seconds
[2024-09-11T19:04:42.537+0000] {processor.py:186} INFO - Started process (PID=167) to work on /opt/airflow/dags/main.py
[2024-09-11T19:04:42.539+0000] {processor.py:914} INFO - Processing file /opt/airflow/dags/main.py for tasks to queue
[2024-09-11T19:04:42.542+0000] {logging_mixin.py:190} INFO - [2024-09-11T19:04:42.542+0000] {dagbag.py:587} INFO - Filling up the DagBag from /opt/airflow/dags/main.py
[2024-09-11T19:04:42.663+0000] {processor.py:925} INFO - DAG(s) 'main' retrieved from /opt/airflow/dags/main.py
[2024-09-11T19:04:42.697+0000] {logging_mixin.py:190} INFO - [2024-09-11T19:04:42.697+0000] {dag.py:3229} INFO - Sync 1 DAGs
[2024-09-11T19:04:42.719+0000] {logging_mixin.py:190} INFO - [2024-09-11T19:04:42.718+0000] {dag.py:4156} INFO - Setting next_dagrun for main to None, run_after=None
[2024-09-11T19:04:42.762+0000] {processor.py:208} INFO - Processing /opt/airflow/dags/main.py took 0.234 seconds
[2024-09-11T19:05:12.947+0000] {processor.py:186} INFO - Started process (PID=174) to work on /opt/airflow/dags/main.py
[2024-09-11T19:05:12.948+0000] {processor.py:914} INFO - Processing file /opt/airflow/dags/main.py for tasks to queue
[2024-09-11T19:05:12.952+0000] {logging_mixin.py:190} INFO - [2024-09-11T19:05:12.951+0000] {dagbag.py:587} INFO - Filling up the DagBag from /opt/airflow/dags/main.py
[2024-09-11T19:05:13.118+0000] {processor.py:925} INFO - DAG(s) 'main' retrieved from /opt/airflow/dags/main.py
[2024-09-11T19:05:13.156+0000] {logging_mixin.py:190} INFO - [2024-09-11T19:05:13.156+0000] {dag.py:3229} INFO - Sync 1 DAGs
[2024-09-11T19:05:13.178+0000] {logging_mixin.py:190} INFO - [2024-09-11T19:05:13.177+0000] {dag.py:4156} INFO - Setting next_dagrun for main to None, run_after=None
[2024-09-11T19:05:13.216+0000] {processor.py:208} INFO - Processing /opt/airflow/dags/main.py took 0.279 seconds
[2024-09-11T19:05:43.288+0000] {processor.py:186} INFO - Started process (PID=181) to work on /opt/airflow/dags/main.py
[2024-09-11T19:05:43.290+0000] {processor.py:914} INFO - Processing file /opt/airflow/dags/main.py for tasks to queue
[2024-09-11T19:05:43.294+0000] {logging_mixin.py:190} INFO - [2024-09-11T19:05:43.294+0000] {dagbag.py:587} INFO - Filling up the DagBag from /opt/airflow/dags/main.py
[2024-09-11T19:05:43.428+0000] {processor.py:925} INFO - DAG(s) 'main' retrieved from /opt/airflow/dags/main.py
[2024-09-11T19:05:43.463+0000] {logging_mixin.py:190} INFO - [2024-09-11T19:05:43.462+0000] {dag.py:3229} INFO - Sync 1 DAGs
[2024-09-11T19:05:43.484+0000] {logging_mixin.py:190} INFO - [2024-09-11T19:05:43.484+0000] {dag.py:4156} INFO - Setting next_dagrun for main to None, run_after=None
[2024-09-11T19:05:43.506+0000] {processor.py:208} INFO - Processing /opt/airflow/dags/main.py took 0.226 seconds
[2024-09-11T19:06:13.803+0000] {processor.py:186} INFO - Started process (PID=188) to work on /opt/airflow/dags/main.py
[2024-09-11T19:06:13.805+0000] {processor.py:914} INFO - Processing file /opt/airflow/dags/main.py for tasks to queue
[2024-09-11T19:06:13.808+0000] {logging_mixin.py:190} INFO - [2024-09-11T19:06:13.807+0000] {dagbag.py:587} INFO - Filling up the DagBag from /opt/airflow/dags/main.py
[2024-09-11T19:06:13.898+0000] {processor.py:925} INFO - DAG(s) 'main' retrieved from /opt/airflow/dags/main.py
[2024-09-11T19:06:13.932+0000] {logging_mixin.py:190} INFO - [2024-09-11T19:06:13.931+0000] {dag.py:3229} INFO - Sync 1 DAGs
[2024-09-11T19:06:13.953+0000] {logging_mixin.py:190} INFO - [2024-09-11T19:06:13.953+0000] {dag.py:4156} INFO - Setting next_dagrun for main to None, run_after=None
[2024-09-11T19:06:14.005+0000] {processor.py:208} INFO - Processing /opt/airflow/dags/main.py took 0.209 seconds
[2024-09-11T19:06:44.235+0000] {processor.py:186} INFO - Started process (PID=195) to work on /opt/airflow/dags/main.py
[2024-09-11T19:06:44.236+0000] {processor.py:914} INFO - Processing file /opt/airflow/dags/main.py for tasks to queue
[2024-09-11T19:06:44.239+0000] {logging_mixin.py:190} INFO - [2024-09-11T19:06:44.239+0000] {dagbag.py:587} INFO - Filling up the DagBag from /opt/airflow/dags/main.py
[2024-09-11T19:06:44.342+0000] {processor.py:925} INFO - DAG(s) 'main' retrieved from /opt/airflow/dags/main.py
[2024-09-11T19:06:44.368+0000] {logging_mixin.py:190} INFO - [2024-09-11T19:06:44.368+0000] {dag.py:3229} INFO - Sync 1 DAGs
[2024-09-11T19:06:44.384+0000] {logging_mixin.py:190} INFO - [2024-09-11T19:06:44.384+0000] {dag.py:4156} INFO - Setting next_dagrun for main to None, run_after=None
[2024-09-11T19:06:44.401+0000] {processor.py:208} INFO - Processing /opt/airflow/dags/main.py took 0.175 seconds
[2024-09-11T19:07:14.476+0000] {processor.py:186} INFO - Started process (PID=202) to work on /opt/airflow/dags/main.py
[2024-09-11T19:07:14.477+0000] {processor.py:914} INFO - Processing file /opt/airflow/dags/main.py for tasks to queue
[2024-09-11T19:07:14.480+0000] {logging_mixin.py:190} INFO - [2024-09-11T19:07:14.479+0000] {dagbag.py:587} INFO - Filling up the DagBag from /opt/airflow/dags/main.py
[2024-09-11T19:07:14.577+0000] {processor.py:925} INFO - DAG(s) 'main' retrieved from /opt/airflow/dags/main.py
[2024-09-11T19:07:14.608+0000] {logging_mixin.py:190} INFO - [2024-09-11T19:07:14.608+0000] {dag.py:3229} INFO - Sync 1 DAGs
[2024-09-11T19:07:14.628+0000] {logging_mixin.py:190} INFO - [2024-09-11T19:07:14.628+0000] {dag.py:4156} INFO - Setting next_dagrun for main to None, run_after=None
[2024-09-11T19:07:14.653+0000] {processor.py:208} INFO - Processing /opt/airflow/dags/main.py took 0.185 seconds
[2024-09-11T19:07:44.845+0000] {processor.py:186} INFO - Started process (PID=209) to work on /opt/airflow/dags/main.py
[2024-09-11T19:07:44.846+0000] {processor.py:914} INFO - Processing file /opt/airflow/dags/main.py for tasks to queue
[2024-09-11T19:07:44.851+0000] {logging_mixin.py:190} INFO - [2024-09-11T19:07:44.851+0000] {dagbag.py:587} INFO - Filling up the DagBag from /opt/airflow/dags/main.py
[2024-09-11T19:07:44.981+0000] {processor.py:925} INFO - DAG(s) 'main' retrieved from /opt/airflow/dags/main.py
[2024-09-11T19:07:45.023+0000] {logging_mixin.py:190} INFO - [2024-09-11T19:07:45.022+0000] {dag.py:3229} INFO - Sync 1 DAGs
[2024-09-11T19:07:45.049+0000] {logging_mixin.py:190} INFO - [2024-09-11T19:07:45.048+0000] {dag.py:4156} INFO - Setting next_dagrun for main to None, run_after=None
[2024-09-11T19:07:45.078+0000] {processor.py:208} INFO - Processing /opt/airflow/dags/main.py took 0.244 seconds
[2024-09-11T19:08:15.293+0000] {processor.py:186} INFO - Started process (PID=216) to work on /opt/airflow/dags/main.py
[2024-09-11T19:08:15.294+0000] {processor.py:914} INFO - Processing file /opt/airflow/dags/main.py for tasks to queue
[2024-09-11T19:08:15.298+0000] {logging_mixin.py:190} INFO - [2024-09-11T19:08:15.298+0000] {dagbag.py:587} INFO - Filling up the DagBag from /opt/airflow/dags/main.py
[2024-09-11T19:08:15.436+0000] {processor.py:925} INFO - DAG(s) 'main' retrieved from /opt/airflow/dags/main.py
[2024-09-11T19:08:15.477+0000] {logging_mixin.py:190} INFO - [2024-09-11T19:08:15.477+0000] {dag.py:3229} INFO - Sync 1 DAGs
[2024-09-11T19:08:15.500+0000] {logging_mixin.py:190} INFO - [2024-09-11T19:08:15.499+0000] {dag.py:4156} INFO - Setting next_dagrun for main to None, run_after=None
[2024-09-11T19:08:15.528+0000] {processor.py:208} INFO - Processing /opt/airflow/dags/main.py took 0.244 seconds
[2024-09-11T19:08:45.570+0000] {processor.py:186} INFO - Started process (PID=223) to work on /opt/airflow/dags/main.py
[2024-09-11T19:08:45.571+0000] {processor.py:914} INFO - Processing file /opt/airflow/dags/main.py for tasks to queue
[2024-09-11T19:08:45.574+0000] {logging_mixin.py:190} INFO - [2024-09-11T19:08:45.574+0000] {dagbag.py:587} INFO - Filling up the DagBag from /opt/airflow/dags/main.py
[2024-09-11T19:08:45.695+0000] {processor.py:925} INFO - DAG(s) 'main' retrieved from /opt/airflow/dags/main.py
[2024-09-11T19:08:45.732+0000] {logging_mixin.py:190} INFO - [2024-09-11T19:08:45.732+0000] {dag.py:3229} INFO - Sync 1 DAGs
[2024-09-11T19:08:45.756+0000] {logging_mixin.py:190} INFO - [2024-09-11T19:08:45.755+0000] {dag.py:4156} INFO - Setting next_dagrun for main to None, run_after=None
[2024-09-11T19:08:45.783+0000] {processor.py:208} INFO - Processing /opt/airflow/dags/main.py took 0.223 seconds
[2024-09-11T19:09:15.874+0000] {processor.py:186} INFO - Started process (PID=230) to work on /opt/airflow/dags/main.py
[2024-09-11T19:09:15.875+0000] {processor.py:914} INFO - Processing file /opt/airflow/dags/main.py for tasks to queue
[2024-09-11T19:09:15.879+0000] {logging_mixin.py:190} INFO - [2024-09-11T19:09:15.879+0000] {dagbag.py:587} INFO - Filling up the DagBag from /opt/airflow/dags/main.py
[2024-09-11T19:09:16.013+0000] {processor.py:925} INFO - DAG(s) 'main' retrieved from /opt/airflow/dags/main.py
[2024-09-11T19:09:16.059+0000] {logging_mixin.py:190} INFO - [2024-09-11T19:09:16.058+0000] {dag.py:3229} INFO - Sync 1 DAGs
[2024-09-11T19:09:16.087+0000] {logging_mixin.py:190} INFO - [2024-09-11T19:09:16.086+0000] {dag.py:4156} INFO - Setting next_dagrun for main to None, run_after=None
[2024-09-11T19:09:16.163+0000] {processor.py:208} INFO - Processing /opt/airflow/dags/main.py took 0.298 seconds
[2024-09-11T19:09:46.269+0000] {processor.py:186} INFO - Started process (PID=237) to work on /opt/airflow/dags/main.py
[2024-09-11T19:09:46.271+0000] {processor.py:914} INFO - Processing file /opt/airflow/dags/main.py for tasks to queue
[2024-09-11T19:09:46.274+0000] {logging_mixin.py:190} INFO - [2024-09-11T19:09:46.273+0000] {dagbag.py:587} INFO - Filling up the DagBag from /opt/airflow/dags/main.py
[2024-09-11T19:09:46.386+0000] {processor.py:925} INFO - DAG(s) 'main' retrieved from /opt/airflow/dags/main.py
[2024-09-11T19:09:46.418+0000] {logging_mixin.py:190} INFO - [2024-09-11T19:09:46.417+0000] {dag.py:3229} INFO - Sync 1 DAGs
[2024-09-11T19:09:46.437+0000] {logging_mixin.py:190} INFO - [2024-09-11T19:09:46.437+0000] {dag.py:4156} INFO - Setting next_dagrun for main to None, run_after=None
[2024-09-11T19:09:46.456+0000] {processor.py:208} INFO - Processing /opt/airflow/dags/main.py took 0.196 seconds
[2024-09-11T19:10:16.735+0000] {processor.py:186} INFO - Started process (PID=244) to work on /opt/airflow/dags/main.py
[2024-09-11T19:10:16.736+0000] {processor.py:914} INFO - Processing file /opt/airflow/dags/main.py for tasks to queue
[2024-09-11T19:10:16.739+0000] {logging_mixin.py:190} INFO - [2024-09-11T19:10:16.738+0000] {dagbag.py:587} INFO - Filling up the DagBag from /opt/airflow/dags/main.py
[2024-09-11T19:10:16.838+0000] {processor.py:925} INFO - DAG(s) 'main' retrieved from /opt/airflow/dags/main.py
[2024-09-11T19:10:16.864+0000] {logging_mixin.py:190} INFO - [2024-09-11T19:10:16.863+0000] {dag.py:3229} INFO - Sync 1 DAGs
[2024-09-11T19:10:16.880+0000] {logging_mixin.py:190} INFO - [2024-09-11T19:10:16.879+0000] {dag.py:4156} INFO - Setting next_dagrun for main to None, run_after=None
[2024-09-11T19:10:16.898+0000] {processor.py:208} INFO - Processing /opt/airflow/dags/main.py took 0.170 seconds
[2024-09-11T19:10:47.020+0000] {processor.py:186} INFO - Started process (PID=251) to work on /opt/airflow/dags/main.py
[2024-09-11T19:10:47.021+0000] {processor.py:914} INFO - Processing file /opt/airflow/dags/main.py for tasks to queue
[2024-09-11T19:10:47.024+0000] {logging_mixin.py:190} INFO - [2024-09-11T19:10:47.023+0000] {dagbag.py:587} INFO - Filling up the DagBag from /opt/airflow/dags/main.py
[2024-09-11T19:10:47.124+0000] {processor.py:925} INFO - DAG(s) 'main' retrieved from /opt/airflow/dags/main.py
[2024-09-11T19:10:47.151+0000] {logging_mixin.py:190} INFO - [2024-09-11T19:10:47.151+0000] {dag.py:3229} INFO - Sync 1 DAGs
[2024-09-11T19:10:47.169+0000] {logging_mixin.py:190} INFO - [2024-09-11T19:10:47.168+0000] {dag.py:4156} INFO - Setting next_dagrun for main to None, run_after=None
[2024-09-11T19:10:47.189+0000] {processor.py:208} INFO - Processing /opt/airflow/dags/main.py took 0.177 seconds
[2024-09-11T19:11:17.385+0000] {processor.py:186} INFO - Started process (PID=258) to work on /opt/airflow/dags/main.py
[2024-09-11T19:11:17.386+0000] {processor.py:914} INFO - Processing file /opt/airflow/dags/main.py for tasks to queue
[2024-09-11T19:11:17.393+0000] {logging_mixin.py:190} INFO - [2024-09-11T19:11:17.392+0000] {dagbag.py:587} INFO - Filling up the DagBag from /opt/airflow/dags/main.py
[2024-09-11T19:11:17.508+0000] {processor.py:925} INFO - DAG(s) 'main' retrieved from /opt/airflow/dags/main.py
[2024-09-11T19:11:17.536+0000] {logging_mixin.py:190} INFO - [2024-09-11T19:11:17.536+0000] {dag.py:3229} INFO - Sync 1 DAGs
[2024-09-11T19:11:17.554+0000] {logging_mixin.py:190} INFO - [2024-09-11T19:11:17.554+0000] {dag.py:4156} INFO - Setting next_dagrun for main to None, run_after=None
[2024-09-11T19:11:17.576+0000] {processor.py:208} INFO - Processing /opt/airflow/dags/main.py took 0.215 seconds
[2024-09-11T19:11:47.751+0000] {processor.py:186} INFO - Started process (PID=265) to work on /opt/airflow/dags/main.py
[2024-09-11T19:11:47.752+0000] {processor.py:914} INFO - Processing file /opt/airflow/dags/main.py for tasks to queue
[2024-09-11T19:11:47.755+0000] {logging_mixin.py:190} INFO - [2024-09-11T19:11:47.755+0000] {dagbag.py:587} INFO - Filling up the DagBag from /opt/airflow/dags/main.py
[2024-09-11T19:11:47.880+0000] {processor.py:925} INFO - DAG(s) 'main' retrieved from /opt/airflow/dags/main.py
[2024-09-11T19:11:47.911+0000] {logging_mixin.py:190} INFO - [2024-09-11T19:11:47.910+0000] {dag.py:3229} INFO - Sync 1 DAGs
[2024-09-11T19:11:47.932+0000] {logging_mixin.py:190} INFO - [2024-09-11T19:11:47.932+0000] {dag.py:4156} INFO - Setting next_dagrun for main to None, run_after=None
[2024-09-11T19:11:47.955+0000] {processor.py:208} INFO - Processing /opt/airflow/dags/main.py took 0.215 seconds
[2024-09-11T19:12:18.042+0000] {processor.py:186} INFO - Started process (PID=272) to work on /opt/airflow/dags/main.py
[2024-09-11T19:12:18.043+0000] {processor.py:914} INFO - Processing file /opt/airflow/dags/main.py for tasks to queue
[2024-09-11T19:12:18.047+0000] {logging_mixin.py:190} INFO - [2024-09-11T19:12:18.046+0000] {dagbag.py:587} INFO - Filling up the DagBag from /opt/airflow/dags/main.py
[2024-09-11T19:12:18.187+0000] {processor.py:925} INFO - DAG(s) 'main' retrieved from /opt/airflow/dags/main.py
[2024-09-11T19:12:18.225+0000] {logging_mixin.py:190} INFO - [2024-09-11T19:12:18.224+0000] {dag.py:3229} INFO - Sync 1 DAGs
[2024-09-11T19:12:18.247+0000] {logging_mixin.py:190} INFO - [2024-09-11T19:12:18.246+0000] {dag.py:4156} INFO - Setting next_dagrun for main to None, run_after=None
[2024-09-11T19:12:18.273+0000] {processor.py:208} INFO - Processing /opt/airflow/dags/main.py took 0.240 seconds
[2024-09-11T19:12:48.697+0000] {processor.py:186} INFO - Started process (PID=279) to work on /opt/airflow/dags/main.py
[2024-09-11T19:12:48.699+0000] {processor.py:914} INFO - Processing file /opt/airflow/dags/main.py for tasks to queue
[2024-09-11T19:12:48.706+0000] {logging_mixin.py:190} INFO - [2024-09-11T19:12:48.705+0000] {dagbag.py:587} INFO - Filling up the DagBag from /opt/airflow/dags/main.py
[2024-09-11T19:12:48.815+0000] {processor.py:925} INFO - DAG(s) 'main' retrieved from /opt/airflow/dags/main.py
[2024-09-11T19:12:48.846+0000] {logging_mixin.py:190} INFO - [2024-09-11T19:12:48.845+0000] {dag.py:3229} INFO - Sync 1 DAGs
[2024-09-11T19:12:48.865+0000] {logging_mixin.py:190} INFO - [2024-09-11T19:12:48.864+0000] {dag.py:4156} INFO - Setting next_dagrun for main to None, run_after=None
[2024-09-11T19:12:48.886+0000] {processor.py:208} INFO - Processing /opt/airflow/dags/main.py took 0.219 seconds
[2024-09-11T19:13:18.981+0000] {processor.py:186} INFO - Started process (PID=286) to work on /opt/airflow/dags/main.py
[2024-09-11T19:13:18.982+0000] {processor.py:914} INFO - Processing file /opt/airflow/dags/main.py for tasks to queue
[2024-09-11T19:13:18.986+0000] {logging_mixin.py:190} INFO - [2024-09-11T19:13:18.986+0000] {dagbag.py:587} INFO - Filling up the DagBag from /opt/airflow/dags/main.py
[2024-09-11T19:13:19.105+0000] {processor.py:925} INFO - DAG(s) 'main' retrieved from /opt/airflow/dags/main.py
[2024-09-11T19:13:19.138+0000] {logging_mixin.py:190} INFO - [2024-09-11T19:13:19.138+0000] {dag.py:3229} INFO - Sync 1 DAGs
[2024-09-11T19:13:19.161+0000] {logging_mixin.py:190} INFO - [2024-09-11T19:13:19.160+0000] {dag.py:4156} INFO - Setting next_dagrun for main to None, run_after=None
[2024-09-11T19:13:19.187+0000] {processor.py:208} INFO - Processing /opt/airflow/dags/main.py took 0.215 seconds
[2024-09-11T19:13:49.353+0000] {processor.py:186} INFO - Started process (PID=293) to work on /opt/airflow/dags/main.py
[2024-09-11T19:13:49.354+0000] {processor.py:914} INFO - Processing file /opt/airflow/dags/main.py for tasks to queue
[2024-09-11T19:13:49.358+0000] {logging_mixin.py:190} INFO - [2024-09-11T19:13:49.357+0000] {dagbag.py:587} INFO - Filling up the DagBag from /opt/airflow/dags/main.py
[2024-09-11T19:13:49.471+0000] {processor.py:925} INFO - DAG(s) 'main' retrieved from /opt/airflow/dags/main.py
[2024-09-11T19:13:49.863+0000] {logging_mixin.py:190} INFO - [2024-09-11T19:13:49.862+0000] {dag.py:3229} INFO - Sync 1 DAGs
[2024-09-11T19:13:49.889+0000] {logging_mixin.py:190} INFO - [2024-09-11T19:13:49.889+0000] {dag.py:4156} INFO - Setting next_dagrun for main to None, run_after=None
[2024-09-11T19:13:49.910+0000] {processor.py:208} INFO - Processing /opt/airflow/dags/main.py took 0.566 seconds
[2024-09-11T19:14:20.136+0000] {processor.py:186} INFO - Started process (PID=299) to work on /opt/airflow/dags/main.py
[2024-09-11T19:14:20.137+0000] {processor.py:914} INFO - Processing file /opt/airflow/dags/main.py for tasks to queue
[2024-09-11T19:14:20.140+0000] {logging_mixin.py:190} INFO - [2024-09-11T19:14:20.139+0000] {dagbag.py:587} INFO - Filling up the DagBag from /opt/airflow/dags/main.py
[2024-09-11T19:14:20.257+0000] {processor.py:925} INFO - DAG(s) 'main' retrieved from /opt/airflow/dags/main.py
[2024-09-11T19:14:20.292+0000] {logging_mixin.py:190} INFO - [2024-09-11T19:14:20.292+0000] {dag.py:3229} INFO - Sync 1 DAGs
[2024-09-11T19:14:20.315+0000] {logging_mixin.py:190} INFO - [2024-09-11T19:14:20.315+0000] {dag.py:4156} INFO - Setting next_dagrun for main to None, run_after=None
[2024-09-11T19:14:20.341+0000] {processor.py:208} INFO - Processing /opt/airflow/dags/main.py took 0.213 seconds
[2024-09-11T19:14:50.624+0000] {processor.py:186} INFO - Started process (PID=306) to work on /opt/airflow/dags/main.py
[2024-09-11T19:14:50.626+0000] {processor.py:914} INFO - Processing file /opt/airflow/dags/main.py for tasks to queue
[2024-09-11T19:14:50.629+0000] {logging_mixin.py:190} INFO - [2024-09-11T19:14:50.629+0000] {dagbag.py:587} INFO - Filling up the DagBag from /opt/airflow/dags/main.py
[2024-09-11T19:14:50.734+0000] {processor.py:925} INFO - DAG(s) 'main' retrieved from /opt/airflow/dags/main.py
[2024-09-11T19:14:50.760+0000] {logging_mixin.py:190} INFO - [2024-09-11T19:14:50.760+0000] {dag.py:3229} INFO - Sync 1 DAGs
[2024-09-11T19:14:50.777+0000] {logging_mixin.py:190} INFO - [2024-09-11T19:14:50.777+0000] {dag.py:4156} INFO - Setting next_dagrun for main to None, run_after=None
[2024-09-11T19:14:50.795+0000] {processor.py:208} INFO - Processing /opt/airflow/dags/main.py took 0.180 seconds
[2024-09-11T19:15:20.859+0000] {processor.py:186} INFO - Started process (PID=314) to work on /opt/airflow/dags/main.py
[2024-09-11T19:15:20.861+0000] {processor.py:914} INFO - Processing file /opt/airflow/dags/main.py for tasks to queue
[2024-09-11T19:15:20.864+0000] {logging_mixin.py:190} INFO - [2024-09-11T19:15:20.864+0000] {dagbag.py:587} INFO - Filling up the DagBag from /opt/airflow/dags/main.py
[2024-09-11T19:15:20.959+0000] {processor.py:925} INFO - DAG(s) 'main' retrieved from /opt/airflow/dags/main.py
[2024-09-11T19:15:20.986+0000] {logging_mixin.py:190} INFO - [2024-09-11T19:15:20.986+0000] {dag.py:3229} INFO - Sync 1 DAGs
[2024-09-11T19:15:21.004+0000] {logging_mixin.py:190} INFO - [2024-09-11T19:15:21.004+0000] {dag.py:4156} INFO - Setting next_dagrun for main to None, run_after=None
[2024-09-11T19:15:21.024+0000] {processor.py:208} INFO - Processing /opt/airflow/dags/main.py took 0.173 seconds
[2024-09-11T19:15:51.254+0000] {processor.py:186} INFO - Started process (PID=321) to work on /opt/airflow/dags/main.py
[2024-09-11T19:15:51.256+0000] {processor.py:914} INFO - Processing file /opt/airflow/dags/main.py for tasks to queue
[2024-09-11T19:15:51.261+0000] {logging_mixin.py:190} INFO - [2024-09-11T19:15:51.260+0000] {dagbag.py:587} INFO - Filling up the DagBag from /opt/airflow/dags/main.py
[2024-09-11T19:15:51.427+0000] {processor.py:925} INFO - DAG(s) 'main' retrieved from /opt/airflow/dags/main.py
[2024-09-11T19:15:51.471+0000] {logging_mixin.py:190} INFO - [2024-09-11T19:15:51.470+0000] {dag.py:3229} INFO - Sync 1 DAGs
[2024-09-11T19:15:51.503+0000] {logging_mixin.py:190} INFO - [2024-09-11T19:15:51.503+0000] {dag.py:4156} INFO - Setting next_dagrun for main to None, run_after=None
[2024-09-11T19:15:51.535+0000] {processor.py:208} INFO - Processing /opt/airflow/dags/main.py took 0.294 seconds
[2024-09-11T19:16:21.792+0000] {processor.py:186} INFO - Started process (PID=328) to work on /opt/airflow/dags/main.py
[2024-09-11T19:16:21.793+0000] {processor.py:914} INFO - Processing file /opt/airflow/dags/main.py for tasks to queue
[2024-09-11T19:16:21.796+0000] {logging_mixin.py:190} INFO - [2024-09-11T19:16:21.796+0000] {dagbag.py:587} INFO - Filling up the DagBag from /opt/airflow/dags/main.py
[2024-09-11T19:16:21.896+0000] {processor.py:925} INFO - DAG(s) 'main' retrieved from /opt/airflow/dags/main.py
[2024-09-11T19:16:21.924+0000] {logging_mixin.py:190} INFO - [2024-09-11T19:16:21.924+0000] {dag.py:3229} INFO - Sync 1 DAGs
[2024-09-11T19:16:21.941+0000] {logging_mixin.py:190} INFO - [2024-09-11T19:16:21.941+0000] {dag.py:4156} INFO - Setting next_dagrun for main to None, run_after=None
[2024-09-11T19:16:21.963+0000] {processor.py:208} INFO - Processing /opt/airflow/dags/main.py took 0.180 seconds
[2024-09-11T19:16:52.038+0000] {processor.py:186} INFO - Started process (PID=335) to work on /opt/airflow/dags/main.py
[2024-09-11T19:16:52.039+0000] {processor.py:914} INFO - Processing file /opt/airflow/dags/main.py for tasks to queue
[2024-09-11T19:16:52.043+0000] {logging_mixin.py:190} INFO - [2024-09-11T19:16:52.042+0000] {dagbag.py:587} INFO - Filling up the DagBag from /opt/airflow/dags/main.py
[2024-09-11T19:16:52.159+0000] {processor.py:925} INFO - DAG(s) 'main' retrieved from /opt/airflow/dags/main.py
[2024-09-11T19:16:52.192+0000] {logging_mixin.py:190} INFO - [2024-09-11T19:16:52.191+0000] {dag.py:3229} INFO - Sync 1 DAGs
[2024-09-11T19:16:52.214+0000] {logging_mixin.py:190} INFO - [2024-09-11T19:16:52.214+0000] {dag.py:4156} INFO - Setting next_dagrun for main to None, run_after=None
[2024-09-11T19:16:52.237+0000] {processor.py:208} INFO - Processing /opt/airflow/dags/main.py took 0.208 seconds
[2024-09-11T19:17:22.421+0000] {processor.py:186} INFO - Started process (PID=342) to work on /opt/airflow/dags/main.py
[2024-09-11T19:17:22.423+0000] {processor.py:914} INFO - Processing file /opt/airflow/dags/main.py for tasks to queue
[2024-09-11T19:17:22.426+0000] {logging_mixin.py:190} INFO - [2024-09-11T19:17:22.426+0000] {dagbag.py:587} INFO - Filling up the DagBag from /opt/airflow/dags/main.py
[2024-09-11T19:17:22.540+0000] {processor.py:925} INFO - DAG(s) 'main' retrieved from /opt/airflow/dags/main.py
[2024-09-11T19:17:22.572+0000] {logging_mixin.py:190} INFO - [2024-09-11T19:17:22.572+0000] {dag.py:3229} INFO - Sync 1 DAGs
[2024-09-11T19:17:22.592+0000] {logging_mixin.py:190} INFO - [2024-09-11T19:17:22.592+0000] {dag.py:4156} INFO - Setting next_dagrun for main to None, run_after=None
[2024-09-11T19:17:22.616+0000] {processor.py:208} INFO - Processing /opt/airflow/dags/main.py took 0.203 seconds
[2024-09-11T19:17:52.728+0000] {processor.py:186} INFO - Started process (PID=349) to work on /opt/airflow/dags/main.py
[2024-09-11T19:17:52.730+0000] {processor.py:914} INFO - Processing file /opt/airflow/dags/main.py for tasks to queue
[2024-09-11T19:17:52.733+0000] {logging_mixin.py:190} INFO - [2024-09-11T19:17:52.733+0000] {dagbag.py:587} INFO - Filling up the DagBag from /opt/airflow/dags/main.py
[2024-09-11T19:17:52.847+0000] {processor.py:925} INFO - DAG(s) 'main' retrieved from /opt/airflow/dags/main.py
[2024-09-11T19:17:52.874+0000] {logging_mixin.py:190} INFO - [2024-09-11T19:17:52.874+0000] {dag.py:3229} INFO - Sync 1 DAGs
[2024-09-11T19:17:52.895+0000] {logging_mixin.py:190} INFO - [2024-09-11T19:17:52.894+0000] {dag.py:4156} INFO - Setting next_dagrun for main to None, run_after=None
[2024-09-11T19:17:52.916+0000] {processor.py:208} INFO - Processing /opt/airflow/dags/main.py took 0.198 seconds
[2024-09-11T19:18:23.058+0000] {processor.py:186} INFO - Started process (PID=356) to work on /opt/airflow/dags/main.py
[2024-09-11T19:18:23.060+0000] {processor.py:914} INFO - Processing file /opt/airflow/dags/main.py for tasks to queue
[2024-09-11T19:18:23.063+0000] {logging_mixin.py:190} INFO - [2024-09-11T19:18:23.062+0000] {dagbag.py:587} INFO - Filling up the DagBag from /opt/airflow/dags/main.py
[2024-09-11T19:18:23.168+0000] {processor.py:925} INFO - DAG(s) 'main' retrieved from /opt/airflow/dags/main.py
[2024-09-11T19:18:23.198+0000] {logging_mixin.py:190} INFO - [2024-09-11T19:18:23.198+0000] {dag.py:3229} INFO - Sync 1 DAGs
[2024-09-11T19:18:23.215+0000] {logging_mixin.py:190} INFO - [2024-09-11T19:18:23.215+0000] {dag.py:4156} INFO - Setting next_dagrun for main to None, run_after=None
[2024-09-11T19:18:23.237+0000] {processor.py:208} INFO - Processing /opt/airflow/dags/main.py took 0.186 seconds
[2024-09-11T19:18:53.354+0000] {processor.py:186} INFO - Started process (PID=363) to work on /opt/airflow/dags/main.py
[2024-09-11T19:18:53.355+0000] {processor.py:914} INFO - Processing file /opt/airflow/dags/main.py for tasks to queue
[2024-09-11T19:18:53.358+0000] {logging_mixin.py:190} INFO - [2024-09-11T19:18:53.358+0000] {dagbag.py:587} INFO - Filling up the DagBag from /opt/airflow/dags/main.py
[2024-09-11T19:18:53.480+0000] {processor.py:925} INFO - DAG(s) 'main' retrieved from /opt/airflow/dags/main.py
[2024-09-11T19:18:53.510+0000] {logging_mixin.py:190} INFO - [2024-09-11T19:18:53.510+0000] {dag.py:3229} INFO - Sync 1 DAGs
[2024-09-11T19:18:53.530+0000] {logging_mixin.py:190} INFO - [2024-09-11T19:18:53.530+0000] {dag.py:4156} INFO - Setting next_dagrun for main to None, run_after=None
[2024-09-11T19:18:53.553+0000] {processor.py:208} INFO - Processing /opt/airflow/dags/main.py took 0.210 seconds
[2024-09-11T19:19:23.713+0000] {processor.py:186} INFO - Started process (PID=370) to work on /opt/airflow/dags/main.py
[2024-09-11T19:19:23.714+0000] {processor.py:914} INFO - Processing file /opt/airflow/dags/main.py for tasks to queue
[2024-09-11T19:19:23.718+0000] {logging_mixin.py:190} INFO - [2024-09-11T19:19:23.717+0000] {dagbag.py:587} INFO - Filling up the DagBag from /opt/airflow/dags/main.py
[2024-09-11T19:19:23.856+0000] {processor.py:925} INFO - DAG(s) 'main' retrieved from /opt/airflow/dags/main.py
[2024-09-11T19:19:23.896+0000] {logging_mixin.py:190} INFO - [2024-09-11T19:19:23.895+0000] {dag.py:3229} INFO - Sync 1 DAGs
[2024-09-11T19:19:23.924+0000] {logging_mixin.py:190} INFO - [2024-09-11T19:19:23.924+0000] {dag.py:4156} INFO - Setting next_dagrun for main to None, run_after=None
[2024-09-11T19:19:23.957+0000] {processor.py:208} INFO - Processing /opt/airflow/dags/main.py took 0.254 seconds
[2024-09-11T19:19:54.045+0000] {processor.py:186} INFO - Started process (PID=377) to work on /opt/airflow/dags/main.py
[2024-09-11T19:19:54.046+0000] {processor.py:914} INFO - Processing file /opt/airflow/dags/main.py for tasks to queue
[2024-09-11T19:19:54.049+0000] {logging_mixin.py:190} INFO - [2024-09-11T19:19:54.049+0000] {dagbag.py:587} INFO - Filling up the DagBag from /opt/airflow/dags/main.py
[2024-09-11T19:19:54.166+0000] {processor.py:925} INFO - DAG(s) 'main' retrieved from /opt/airflow/dags/main.py
[2024-09-11T19:19:54.205+0000] {logging_mixin.py:190} INFO - [2024-09-11T19:19:54.205+0000] {dag.py:3229} INFO - Sync 1 DAGs
[2024-09-11T19:19:54.227+0000] {logging_mixin.py:190} INFO - [2024-09-11T19:19:54.227+0000] {dag.py:4156} INFO - Setting next_dagrun for main to None, run_after=None
[2024-09-11T19:19:54.260+0000] {processor.py:208} INFO - Processing /opt/airflow/dags/main.py took 0.223 seconds
[2024-09-11T19:20:24.434+0000] {processor.py:186} INFO - Started process (PID=384) to work on /opt/airflow/dags/main.py
[2024-09-11T19:20:24.435+0000] {processor.py:914} INFO - Processing file /opt/airflow/dags/main.py for tasks to queue
[2024-09-11T19:20:24.438+0000] {logging_mixin.py:190} INFO - [2024-09-11T19:20:24.438+0000] {dagbag.py:587} INFO - Filling up the DagBag from /opt/airflow/dags/main.py
[2024-09-11T19:20:24.563+0000] {processor.py:925} INFO - DAG(s) 'main' retrieved from /opt/airflow/dags/main.py
[2024-09-11T19:20:24.593+0000] {logging_mixin.py:190} INFO - [2024-09-11T19:20:24.593+0000] {dag.py:3229} INFO - Sync 1 DAGs
[2024-09-11T19:20:24.613+0000] {logging_mixin.py:190} INFO - [2024-09-11T19:20:24.613+0000] {dag.py:4156} INFO - Setting next_dagrun for main to None, run_after=None
[2024-09-11T19:20:24.635+0000] {processor.py:208} INFO - Processing /opt/airflow/dags/main.py took 0.208 seconds
[2024-09-11T19:20:54.833+0000] {processor.py:186} INFO - Started process (PID=391) to work on /opt/airflow/dags/main.py
[2024-09-11T19:20:54.834+0000] {processor.py:914} INFO - Processing file /opt/airflow/dags/main.py for tasks to queue
[2024-09-11T19:20:54.837+0000] {logging_mixin.py:190} INFO - [2024-09-11T19:20:54.837+0000] {dagbag.py:587} INFO - Filling up the DagBag from /opt/airflow/dags/main.py
[2024-09-11T19:20:54.960+0000] {processor.py:925} INFO - DAG(s) 'main' retrieved from /opt/airflow/dags/main.py
[2024-09-11T19:20:54.993+0000] {logging_mixin.py:190} INFO - [2024-09-11T19:20:54.992+0000] {dag.py:3229} INFO - Sync 1 DAGs
[2024-09-11T19:20:55.015+0000] {logging_mixin.py:190} INFO - [2024-09-11T19:20:55.015+0000] {dag.py:4156} INFO - Setting next_dagrun for main to None, run_after=None
[2024-09-11T19:20:55.039+0000] {processor.py:208} INFO - Processing /opt/airflow/dags/main.py took 0.215 seconds
[2024-09-11T19:21:25.183+0000] {processor.py:186} INFO - Started process (PID=398) to work on /opt/airflow/dags/main.py
[2024-09-11T19:21:25.184+0000] {processor.py:914} INFO - Processing file /opt/airflow/dags/main.py for tasks to queue
[2024-09-11T19:21:25.187+0000] {logging_mixin.py:190} INFO - [2024-09-11T19:21:25.186+0000] {dagbag.py:587} INFO - Filling up the DagBag from /opt/airflow/dags/main.py
[2024-09-11T19:21:25.282+0000] {processor.py:925} INFO - DAG(s) 'main' retrieved from /opt/airflow/dags/main.py
[2024-09-11T19:21:25.307+0000] {logging_mixin.py:190} INFO - [2024-09-11T19:21:25.307+0000] {dag.py:3229} INFO - Sync 1 DAGs
[2024-09-11T19:21:25.322+0000] {logging_mixin.py:190} INFO - [2024-09-11T19:21:25.321+0000] {dag.py:4156} INFO - Setting next_dagrun for main to None, run_after=None
[2024-09-11T19:21:25.339+0000] {processor.py:208} INFO - Processing /opt/airflow/dags/main.py took 0.163 seconds
[2024-09-11T19:21:55.636+0000] {processor.py:186} INFO - Started process (PID=405) to work on /opt/airflow/dags/main.py
[2024-09-11T19:21:55.637+0000] {processor.py:914} INFO - Processing file /opt/airflow/dags/main.py for tasks to queue
[2024-09-11T19:21:55.640+0000] {logging_mixin.py:190} INFO - [2024-09-11T19:21:55.640+0000] {dagbag.py:587} INFO - Filling up the DagBag from /opt/airflow/dags/main.py
[2024-09-11T19:21:55.744+0000] {processor.py:925} INFO - DAG(s) 'main' retrieved from /opt/airflow/dags/main.py
[2024-09-11T19:21:55.767+0000] {logging_mixin.py:190} INFO - [2024-09-11T19:21:55.767+0000] {dag.py:3229} INFO - Sync 1 DAGs
[2024-09-11T19:21:55.785+0000] {logging_mixin.py:190} INFO - [2024-09-11T19:21:55.784+0000] {dag.py:4156} INFO - Setting next_dagrun for main to None, run_after=None
[2024-09-11T19:21:55.805+0000] {processor.py:208} INFO - Processing /opt/airflow/dags/main.py took 0.178 seconds
[2024-09-11T19:22:26.011+0000] {processor.py:186} INFO - Started process (PID=412) to work on /opt/airflow/dags/main.py
[2024-09-11T19:22:26.012+0000] {processor.py:914} INFO - Processing file /opt/airflow/dags/main.py for tasks to queue
[2024-09-11T19:22:26.016+0000] {logging_mixin.py:190} INFO - [2024-09-11T19:22:26.015+0000] {dagbag.py:587} INFO - Filling up the DagBag from /opt/airflow/dags/main.py
[2024-09-11T19:22:26.131+0000] {processor.py:925} INFO - DAG(s) 'main' retrieved from /opt/airflow/dags/main.py
[2024-09-11T19:22:26.163+0000] {logging_mixin.py:190} INFO - [2024-09-11T19:22:26.162+0000] {dag.py:3229} INFO - Sync 1 DAGs
[2024-09-11T19:22:26.186+0000] {logging_mixin.py:190} INFO - [2024-09-11T19:22:26.186+0000] {dag.py:4156} INFO - Setting next_dagrun for main to None, run_after=None
[2024-09-11T19:22:26.210+0000] {processor.py:208} INFO - Processing /opt/airflow/dags/main.py took 0.208 seconds
[2024-09-11T19:22:56.270+0000] {processor.py:186} INFO - Started process (PID=418) to work on /opt/airflow/dags/main.py
[2024-09-11T19:22:56.272+0000] {processor.py:914} INFO - Processing file /opt/airflow/dags/main.py for tasks to queue
[2024-09-11T19:22:56.275+0000] {logging_mixin.py:190} INFO - [2024-09-11T19:22:56.274+0000] {dagbag.py:587} INFO - Filling up the DagBag from /opt/airflow/dags/main.py
[2024-09-11T19:22:56.396+0000] {processor.py:925} INFO - DAG(s) 'main' retrieved from /opt/airflow/dags/main.py
[2024-09-11T19:22:56.428+0000] {logging_mixin.py:190} INFO - [2024-09-11T19:22:56.427+0000] {dag.py:3229} INFO - Sync 1 DAGs
[2024-09-11T19:22:56.448+0000] {logging_mixin.py:190} INFO - [2024-09-11T19:22:56.448+0000] {dag.py:4156} INFO - Setting next_dagrun for main to None, run_after=None
[2024-09-11T19:22:56.472+0000] {processor.py:208} INFO - Processing /opt/airflow/dags/main.py took 0.210 seconds
[2024-09-11T19:23:26.788+0000] {processor.py:186} INFO - Started process (PID=425) to work on /opt/airflow/dags/main.py
[2024-09-11T19:23:26.790+0000] {processor.py:914} INFO - Processing file /opt/airflow/dags/main.py for tasks to queue
[2024-09-11T19:23:26.793+0000] {logging_mixin.py:190} INFO - [2024-09-11T19:23:26.792+0000] {dagbag.py:587} INFO - Filling up the DagBag from /opt/airflow/dags/main.py
[2024-09-11T19:23:26.901+0000] {processor.py:925} INFO - DAG(s) 'main' retrieved from /opt/airflow/dags/main.py
[2024-09-11T19:23:26.936+0000] {logging_mixin.py:190} INFO - [2024-09-11T19:23:26.936+0000] {dag.py:3229} INFO - Sync 1 DAGs
[2024-09-11T19:23:26.958+0000] {logging_mixin.py:190} INFO - [2024-09-11T19:23:26.957+0000] {dag.py:4156} INFO - Setting next_dagrun for main to None, run_after=None
[2024-09-11T19:23:26.982+0000] {processor.py:208} INFO - Processing /opt/airflow/dags/main.py took 0.202 seconds
[2024-09-11T19:23:57.079+0000] {processor.py:186} INFO - Started process (PID=432) to work on /opt/airflow/dags/main.py
[2024-09-11T19:23:57.080+0000] {processor.py:914} INFO - Processing file /opt/airflow/dags/main.py for tasks to queue
[2024-09-11T19:23:57.083+0000] {logging_mixin.py:190} INFO - [2024-09-11T19:23:57.083+0000] {dagbag.py:587} INFO - Filling up the DagBag from /opt/airflow/dags/main.py
[2024-09-11T19:23:57.194+0000] {processor.py:925} INFO - DAG(s) 'main' retrieved from /opt/airflow/dags/main.py
[2024-09-11T19:23:57.222+0000] {logging_mixin.py:190} INFO - [2024-09-11T19:23:57.221+0000] {dag.py:3229} INFO - Sync 1 DAGs
[2024-09-11T19:23:57.240+0000] {logging_mixin.py:190} INFO - [2024-09-11T19:23:57.240+0000] {dag.py:4156} INFO - Setting next_dagrun for main to None, run_after=None
[2024-09-11T19:23:57.261+0000] {processor.py:208} INFO - Processing /opt/airflow/dags/main.py took 0.191 seconds
[2024-09-11T19:24:27.423+0000] {processor.py:186} INFO - Started process (PID=439) to work on /opt/airflow/dags/main.py
[2024-09-11T19:24:27.424+0000] {processor.py:914} INFO - Processing file /opt/airflow/dags/main.py for tasks to queue
[2024-09-11T19:24:27.427+0000] {logging_mixin.py:190} INFO - [2024-09-11T19:24:27.427+0000] {dagbag.py:587} INFO - Filling up the DagBag from /opt/airflow/dags/main.py
[2024-09-11T19:24:27.530+0000] {processor.py:925} INFO - DAG(s) 'main' retrieved from /opt/airflow/dags/main.py
[2024-09-11T19:24:27.557+0000] {logging_mixin.py:190} INFO - [2024-09-11T19:24:27.556+0000] {dag.py:3229} INFO - Sync 1 DAGs
[2024-09-11T19:24:27.574+0000] {logging_mixin.py:190} INFO - [2024-09-11T19:24:27.574+0000] {dag.py:4156} INFO - Setting next_dagrun for main to None, run_after=None
[2024-09-11T19:24:27.593+0000] {processor.py:208} INFO - Processing /opt/airflow/dags/main.py took 0.179 seconds
[2024-09-11T19:24:57.811+0000] {processor.py:186} INFO - Started process (PID=446) to work on /opt/airflow/dags/main.py
[2024-09-11T19:24:57.829+0000] {processor.py:914} INFO - Processing file /opt/airflow/dags/main.py for tasks to queue
[2024-09-11T19:24:57.835+0000] {logging_mixin.py:190} INFO - [2024-09-11T19:24:57.835+0000] {dagbag.py:587} INFO - Filling up the DagBag from /opt/airflow/dags/main.py
[2024-09-11T19:24:57.967+0000] {processor.py:925} INFO - DAG(s) 'main' retrieved from /opt/airflow/dags/main.py
[2024-09-11T19:24:57.998+0000] {logging_mixin.py:190} INFO - [2024-09-11T19:24:57.997+0000] {dag.py:3229} INFO - Sync 1 DAGs
[2024-09-11T19:24:58.018+0000] {logging_mixin.py:190} INFO - [2024-09-11T19:24:58.017+0000] {dag.py:4156} INFO - Setting next_dagrun for main to None, run_after=None
[2024-09-11T19:24:58.040+0000] {processor.py:208} INFO - Processing /opt/airflow/dags/main.py took 0.239 seconds
[2024-09-11T19:25:28.124+0000] {processor.py:186} INFO - Started process (PID=453) to work on /opt/airflow/dags/main.py
[2024-09-11T19:25:28.125+0000] {processor.py:914} INFO - Processing file /opt/airflow/dags/main.py for tasks to queue
[2024-09-11T19:25:28.129+0000] {logging_mixin.py:190} INFO - [2024-09-11T19:25:28.128+0000] {dagbag.py:587} INFO - Filling up the DagBag from /opt/airflow/dags/main.py
[2024-09-11T19:25:28.240+0000] {processor.py:925} INFO - DAG(s) 'main' retrieved from /opt/airflow/dags/main.py
[2024-09-11T19:25:28.274+0000] {logging_mixin.py:190} INFO - [2024-09-11T19:25:28.274+0000] {dag.py:3229} INFO - Sync 1 DAGs
[2024-09-11T19:25:28.295+0000] {logging_mixin.py:190} INFO - [2024-09-11T19:25:28.295+0000] {dag.py:4156} INFO - Setting next_dagrun for main to None, run_after=None
[2024-09-11T19:25:28.320+0000] {processor.py:208} INFO - Processing /opt/airflow/dags/main.py took 0.205 seconds
[2024-09-11T19:25:58.852+0000] {processor.py:186} INFO - Started process (PID=460) to work on /opt/airflow/dags/main.py
[2024-09-11T19:25:58.853+0000] {processor.py:914} INFO - Processing file /opt/airflow/dags/main.py for tasks to queue
[2024-09-11T19:25:58.856+0000] {logging_mixin.py:190} INFO - [2024-09-11T19:25:58.856+0000] {dagbag.py:587} INFO - Filling up the DagBag from /opt/airflow/dags/main.py
[2024-09-11T19:25:58.964+0000] {processor.py:925} INFO - DAG(s) 'main' retrieved from /opt/airflow/dags/main.py
[2024-09-11T19:25:58.992+0000] {logging_mixin.py:190} INFO - [2024-09-11T19:25:58.992+0000] {dag.py:3229} INFO - Sync 1 DAGs
[2024-09-11T19:25:59.012+0000] {logging_mixin.py:190} INFO - [2024-09-11T19:25:59.012+0000] {dag.py:4156} INFO - Setting next_dagrun for main to None, run_after=None
[2024-09-11T19:25:59.033+0000] {processor.py:208} INFO - Processing /opt/airflow/dags/main.py took 0.190 seconds
[2024-09-11T19:26:29.090+0000] {processor.py:186} INFO - Started process (PID=467) to work on /opt/airflow/dags/main.py
[2024-09-11T19:26:29.092+0000] {processor.py:914} INFO - Processing file /opt/airflow/dags/main.py for tasks to queue
[2024-09-11T19:26:29.097+0000] {logging_mixin.py:190} INFO - [2024-09-11T19:26:29.096+0000] {dagbag.py:587} INFO - Filling up the DagBag from /opt/airflow/dags/main.py
[2024-09-11T19:26:29.217+0000] {processor.py:925} INFO - DAG(s) 'main' retrieved from /opt/airflow/dags/main.py
[2024-09-11T19:26:29.253+0000] {logging_mixin.py:190} INFO - [2024-09-11T19:26:29.253+0000] {dag.py:3229} INFO - Sync 1 DAGs
[2024-09-11T19:26:29.276+0000] {logging_mixin.py:190} INFO - [2024-09-11T19:26:29.275+0000] {dag.py:4156} INFO - Setting next_dagrun for main to None, run_after=None
[2024-09-11T19:26:29.303+0000] {processor.py:208} INFO - Processing /opt/airflow/dags/main.py took 0.220 seconds
[2024-09-11T19:26:59.600+0000] {processor.py:186} INFO - Started process (PID=474) to work on /opt/airflow/dags/main.py
[2024-09-11T19:26:59.601+0000] {processor.py:914} INFO - Processing file /opt/airflow/dags/main.py for tasks to queue
[2024-09-11T19:26:59.604+0000] {logging_mixin.py:190} INFO - [2024-09-11T19:26:59.604+0000] {dagbag.py:587} INFO - Filling up the DagBag from /opt/airflow/dags/main.py
[2024-09-11T19:26:59.727+0000] {processor.py:925} INFO - DAG(s) 'main' retrieved from /opt/airflow/dags/main.py
[2024-09-11T19:26:59.763+0000] {logging_mixin.py:190} INFO - [2024-09-11T19:26:59.763+0000] {dag.py:3229} INFO - Sync 1 DAGs
[2024-09-11T19:26:59.786+0000] {logging_mixin.py:190} INFO - [2024-09-11T19:26:59.785+0000] {dag.py:4156} INFO - Setting next_dagrun for main to None, run_after=None
[2024-09-11T19:26:59.810+0000] {processor.py:208} INFO - Processing /opt/airflow/dags/main.py took 0.217 seconds
[2024-09-11T19:27:29.921+0000] {processor.py:186} INFO - Started process (PID=481) to work on /opt/airflow/dags/main.py
[2024-09-11T19:27:29.923+0000] {processor.py:914} INFO - Processing file /opt/airflow/dags/main.py for tasks to queue
[2024-09-11T19:27:29.926+0000] {logging_mixin.py:190} INFO - [2024-09-11T19:27:29.925+0000] {dagbag.py:587} INFO - Filling up the DagBag from /opt/airflow/dags/main.py
[2024-09-11T19:27:30.046+0000] {processor.py:925} INFO - DAG(s) 'main' retrieved from /opt/airflow/dags/main.py
[2024-09-11T19:27:30.077+0000] {logging_mixin.py:190} INFO - [2024-09-11T19:27:30.076+0000] {dag.py:3229} INFO - Sync 1 DAGs
[2024-09-11T19:27:30.097+0000] {logging_mixin.py:190} INFO - [2024-09-11T19:27:30.096+0000] {dag.py:4156} INFO - Setting next_dagrun for main to None, run_after=None
[2024-09-11T19:27:30.125+0000] {processor.py:208} INFO - Processing /opt/airflow/dags/main.py took 0.216 seconds
[2024-09-11T19:28:00.245+0000] {processor.py:186} INFO - Started process (PID=488) to work on /opt/airflow/dags/main.py
[2024-09-11T19:28:00.246+0000] {processor.py:914} INFO - Processing file /opt/airflow/dags/main.py for tasks to queue
[2024-09-11T19:28:00.250+0000] {logging_mixin.py:190} INFO - [2024-09-11T19:28:00.249+0000] {dagbag.py:587} INFO - Filling up the DagBag from /opt/airflow/dags/main.py
[2024-09-11T19:28:00.361+0000] {processor.py:925} INFO - DAG(s) 'main' retrieved from /opt/airflow/dags/main.py
[2024-09-11T19:28:00.392+0000] {logging_mixin.py:190} INFO - [2024-09-11T19:28:00.392+0000] {dag.py:3229} INFO - Sync 1 DAGs
[2024-09-11T19:28:00.415+0000] {logging_mixin.py:190} INFO - [2024-09-11T19:28:00.415+0000] {dag.py:4156} INFO - Setting next_dagrun for main to None, run_after=None
[2024-09-11T19:28:00.436+0000] {processor.py:208} INFO - Processing /opt/airflow/dags/main.py took 0.200 seconds
[2024-09-11T19:28:30.537+0000] {processor.py:186} INFO - Started process (PID=495) to work on /opt/airflow/dags/main.py
[2024-09-11T19:28:30.538+0000] {processor.py:914} INFO - Processing file /opt/airflow/dags/main.py for tasks to queue
[2024-09-11T19:28:30.542+0000] {logging_mixin.py:190} INFO - [2024-09-11T19:28:30.541+0000] {dagbag.py:587} INFO - Filling up the DagBag from /opt/airflow/dags/main.py
[2024-09-11T19:28:30.646+0000] {processor.py:925} INFO - DAG(s) 'main' retrieved from /opt/airflow/dags/main.py
[2024-09-11T19:28:30.676+0000] {logging_mixin.py:190} INFO - [2024-09-11T19:28:30.675+0000] {dag.py:3229} INFO - Sync 1 DAGs
[2024-09-11T19:28:30.693+0000] {logging_mixin.py:190} INFO - [2024-09-11T19:28:30.693+0000] {dag.py:4156} INFO - Setting next_dagrun for main to None, run_after=None
[2024-09-11T19:28:30.723+0000] {processor.py:208} INFO - Processing /opt/airflow/dags/main.py took 0.194 seconds
[2024-09-11T19:29:00.975+0000] {processor.py:186} INFO - Started process (PID=502) to work on /opt/airflow/dags/main.py
[2024-09-11T19:29:00.976+0000] {processor.py:914} INFO - Processing file /opt/airflow/dags/main.py for tasks to queue
[2024-09-11T19:29:00.979+0000] {logging_mixin.py:190} INFO - [2024-09-11T19:29:00.979+0000] {dagbag.py:587} INFO - Filling up the DagBag from /opt/airflow/dags/main.py
[2024-09-11T19:29:01.081+0000] {processor.py:925} INFO - DAG(s) 'main' retrieved from /opt/airflow/dags/main.py
[2024-09-11T19:29:01.107+0000] {logging_mixin.py:190} INFO - [2024-09-11T19:29:01.107+0000] {dag.py:3229} INFO - Sync 1 DAGs
[2024-09-11T19:29:01.124+0000] {logging_mixin.py:190} INFO - [2024-09-11T19:29:01.124+0000] {dag.py:4156} INFO - Setting next_dagrun for main to None, run_after=None
[2024-09-11T19:29:01.143+0000] {processor.py:208} INFO - Processing /opt/airflow/dags/main.py took 0.176 seconds
[2024-09-11T19:29:31.200+0000] {processor.py:186} INFO - Started process (PID=509) to work on /opt/airflow/dags/main.py
[2024-09-11T19:29:31.202+0000] {processor.py:914} INFO - Processing file /opt/airflow/dags/main.py for tasks to queue
[2024-09-11T19:29:31.205+0000] {logging_mixin.py:190} INFO - [2024-09-11T19:29:31.205+0000] {dagbag.py:587} INFO - Filling up the DagBag from /opt/airflow/dags/main.py
[2024-09-11T19:29:31.313+0000] {processor.py:925} INFO - DAG(s) 'main' retrieved from /opt/airflow/dags/main.py
[2024-09-11T19:29:31.349+0000] {logging_mixin.py:190} INFO - [2024-09-11T19:29:31.349+0000] {dag.py:3229} INFO - Sync 1 DAGs
[2024-09-11T19:29:31.374+0000] {logging_mixin.py:190} INFO - [2024-09-11T19:29:31.374+0000] {dag.py:4156} INFO - Setting next_dagrun for main to None, run_after=None
[2024-09-11T19:29:31.395+0000] {processor.py:208} INFO - Processing /opt/airflow/dags/main.py took 0.203 seconds
[2024-09-11T19:30:01.671+0000] {processor.py:186} INFO - Started process (PID=516) to work on /opt/airflow/dags/main.py
[2024-09-11T19:30:01.672+0000] {processor.py:914} INFO - Processing file /opt/airflow/dags/main.py for tasks to queue
[2024-09-11T19:30:01.675+0000] {logging_mixin.py:190} INFO - [2024-09-11T19:30:01.674+0000] {dagbag.py:587} INFO - Filling up the DagBag from /opt/airflow/dags/main.py
[2024-09-11T19:30:01.780+0000] {processor.py:925} INFO - DAG(s) 'main' retrieved from /opt/airflow/dags/main.py
[2024-09-11T19:30:01.805+0000] {logging_mixin.py:190} INFO - [2024-09-11T19:30:01.805+0000] {dag.py:3229} INFO - Sync 1 DAGs
[2024-09-11T19:30:01.823+0000] {logging_mixin.py:190} INFO - [2024-09-11T19:30:01.822+0000] {dag.py:4156} INFO - Setting next_dagrun for main to None, run_after=None
[2024-09-11T19:30:01.842+0000] {processor.py:208} INFO - Processing /opt/airflow/dags/main.py took 0.180 seconds
[2024-09-11T19:30:31.915+0000] {processor.py:186} INFO - Started process (PID=523) to work on /opt/airflow/dags/main.py
[2024-09-11T19:30:31.916+0000] {processor.py:914} INFO - Processing file /opt/airflow/dags/main.py for tasks to queue
[2024-09-11T19:30:31.919+0000] {logging_mixin.py:190} INFO - [2024-09-11T19:30:31.919+0000] {dagbag.py:587} INFO - Filling up the DagBag from /opt/airflow/dags/main.py
[2024-09-11T19:30:32.023+0000] {processor.py:925} INFO - DAG(s) 'main' retrieved from /opt/airflow/dags/main.py
[2024-09-11T19:30:32.053+0000] {logging_mixin.py:190} INFO - [2024-09-11T19:30:32.052+0000] {dag.py:3229} INFO - Sync 1 DAGs
[2024-09-11T19:30:32.070+0000] {logging_mixin.py:190} INFO - [2024-09-11T19:30:32.070+0000] {dag.py:4156} INFO - Setting next_dagrun for main to None, run_after=None
[2024-09-11T19:30:32.091+0000] {processor.py:208} INFO - Processing /opt/airflow/dags/main.py took 0.184 seconds
[2024-09-11T19:31:02.296+0000] {processor.py:186} INFO - Started process (PID=530) to work on /opt/airflow/dags/main.py
[2024-09-11T19:31:02.298+0000] {processor.py:914} INFO - Processing file /opt/airflow/dags/main.py for tasks to queue
[2024-09-11T19:31:02.301+0000] {logging_mixin.py:190} INFO - [2024-09-11T19:31:02.300+0000] {dagbag.py:587} INFO - Filling up the DagBag from /opt/airflow/dags/main.py
[2024-09-11T19:31:02.409+0000] {processor.py:925} INFO - DAG(s) 'main' retrieved from /opt/airflow/dags/main.py
[2024-09-11T19:31:02.437+0000] {logging_mixin.py:190} INFO - [2024-09-11T19:31:02.437+0000] {dag.py:3229} INFO - Sync 1 DAGs
[2024-09-11T19:31:02.455+0000] {logging_mixin.py:190} INFO - [2024-09-11T19:31:02.455+0000] {dag.py:4156} INFO - Setting next_dagrun for main to None, run_after=None
[2024-09-11T19:31:02.474+0000] {processor.py:208} INFO - Processing /opt/airflow/dags/main.py took 0.186 seconds
[2024-09-11T19:31:32.574+0000] {processor.py:186} INFO - Started process (PID=537) to work on /opt/airflow/dags/main.py
[2024-09-11T19:31:32.575+0000] {processor.py:914} INFO - Processing file /opt/airflow/dags/main.py for tasks to queue
[2024-09-11T19:31:32.578+0000] {logging_mixin.py:190} INFO - [2024-09-11T19:31:32.578+0000] {dagbag.py:587} INFO - Filling up the DagBag from /opt/airflow/dags/main.py
[2024-09-11T19:31:32.673+0000] {processor.py:925} INFO - DAG(s) 'main' retrieved from /opt/airflow/dags/main.py
[2024-09-11T19:31:32.698+0000] {logging_mixin.py:190} INFO - [2024-09-11T19:31:32.698+0000] {dag.py:3229} INFO - Sync 1 DAGs
[2024-09-11T19:31:32.715+0000] {logging_mixin.py:190} INFO - [2024-09-11T19:31:32.715+0000] {dag.py:4156} INFO - Setting next_dagrun for main to None, run_after=None
[2024-09-11T19:31:32.734+0000] {processor.py:208} INFO - Processing /opt/airflow/dags/main.py took 0.167 seconds
[2024-09-11T19:32:03.037+0000] {processor.py:186} INFO - Started process (PID=544) to work on /opt/airflow/dags/main.py
[2024-09-11T19:32:03.038+0000] {processor.py:914} INFO - Processing file /opt/airflow/dags/main.py for tasks to queue
[2024-09-11T19:32:03.041+0000] {logging_mixin.py:190} INFO - [2024-09-11T19:32:03.041+0000] {dagbag.py:587} INFO - Filling up the DagBag from /opt/airflow/dags/main.py
[2024-09-11T19:32:03.139+0000] {processor.py:925} INFO - DAG(s) 'main' retrieved from /opt/airflow/dags/main.py
[2024-09-11T19:32:03.164+0000] {logging_mixin.py:190} INFO - [2024-09-11T19:32:03.164+0000] {dag.py:3229} INFO - Sync 1 DAGs
[2024-09-11T19:32:03.182+0000] {logging_mixin.py:190} INFO - [2024-09-11T19:32:03.182+0000] {dag.py:4156} INFO - Setting next_dagrun for main to None, run_after=None
[2024-09-11T19:32:03.202+0000] {processor.py:208} INFO - Processing /opt/airflow/dags/main.py took 0.173 seconds
[2024-09-11T19:32:33.294+0000] {processor.py:186} INFO - Started process (PID=551) to work on /opt/airflow/dags/main.py
[2024-09-11T19:32:33.296+0000] {processor.py:914} INFO - Processing file /opt/airflow/dags/main.py for tasks to queue
[2024-09-11T19:32:33.299+0000] {logging_mixin.py:190} INFO - [2024-09-11T19:32:33.299+0000] {dagbag.py:587} INFO - Filling up the DagBag from /opt/airflow/dags/main.py
[2024-09-11T19:32:33.404+0000] {processor.py:925} INFO - DAG(s) 'main' retrieved from /opt/airflow/dags/main.py
[2024-09-11T19:32:33.431+0000] {logging_mixin.py:190} INFO - [2024-09-11T19:32:33.431+0000] {dag.py:3229} INFO - Sync 1 DAGs
[2024-09-11T19:32:33.447+0000] {logging_mixin.py:190} INFO - [2024-09-11T19:32:33.447+0000] {dag.py:4156} INFO - Setting next_dagrun for main to None, run_after=None
[2024-09-11T19:32:33.465+0000] {processor.py:208} INFO - Processing /opt/airflow/dags/main.py took 0.180 seconds
[2024-09-11T19:33:03.772+0000] {processor.py:186} INFO - Started process (PID=558) to work on /opt/airflow/dags/main.py
[2024-09-11T19:33:03.773+0000] {processor.py:914} INFO - Processing file /opt/airflow/dags/main.py for tasks to queue
[2024-09-11T19:33:03.776+0000] {logging_mixin.py:190} INFO - [2024-09-11T19:33:03.775+0000] {dagbag.py:587} INFO - Filling up the DagBag from /opt/airflow/dags/main.py
[2024-09-11T19:33:03.876+0000] {processor.py:925} INFO - DAG(s) 'main' retrieved from /opt/airflow/dags/main.py
[2024-09-11T19:33:03.906+0000] {logging_mixin.py:190} INFO - [2024-09-11T19:33:03.906+0000] {dag.py:3229} INFO - Sync 1 DAGs
[2024-09-11T19:33:03.925+0000] {logging_mixin.py:190} INFO - [2024-09-11T19:33:03.925+0000] {dag.py:4156} INFO - Setting next_dagrun for main to None, run_after=None
[2024-09-11T19:33:03.946+0000] {processor.py:208} INFO - Processing /opt/airflow/dags/main.py took 0.180 seconds
[2024-09-11T19:33:34.035+0000] {processor.py:186} INFO - Started process (PID=565) to work on /opt/airflow/dags/main.py
[2024-09-11T19:33:34.036+0000] {processor.py:914} INFO - Processing file /opt/airflow/dags/main.py for tasks to queue
[2024-09-11T19:33:34.039+0000] {logging_mixin.py:190} INFO - [2024-09-11T19:33:34.039+0000] {dagbag.py:587} INFO - Filling up the DagBag from /opt/airflow/dags/main.py
[2024-09-11T19:33:34.142+0000] {processor.py:925} INFO - DAG(s) 'main' retrieved from /opt/airflow/dags/main.py
[2024-09-11T19:33:34.171+0000] {logging_mixin.py:190} INFO - [2024-09-11T19:33:34.171+0000] {dag.py:3229} INFO - Sync 1 DAGs
[2024-09-11T19:33:34.189+0000] {logging_mixin.py:190} INFO - [2024-09-11T19:33:34.189+0000] {dag.py:4156} INFO - Setting next_dagrun for main to None, run_after=None
[2024-09-11T19:33:34.208+0000] {processor.py:208} INFO - Processing /opt/airflow/dags/main.py took 0.182 seconds
[2024-09-11T19:34:04.424+0000] {processor.py:186} INFO - Started process (PID=572) to work on /opt/airflow/dags/main.py
[2024-09-11T19:34:04.426+0000] {processor.py:914} INFO - Processing file /opt/airflow/dags/main.py for tasks to queue
[2024-09-11T19:34:04.429+0000] {logging_mixin.py:190} INFO - [2024-09-11T19:34:04.429+0000] {dagbag.py:587} INFO - Filling up the DagBag from /opt/airflow/dags/main.py
[2024-09-11T19:34:04.531+0000] {processor.py:925} INFO - DAG(s) 'main' retrieved from /opt/airflow/dags/main.py
[2024-09-11T19:34:04.563+0000] {logging_mixin.py:190} INFO - [2024-09-11T19:34:04.563+0000] {dag.py:3229} INFO - Sync 1 DAGs
[2024-09-11T19:34:04.582+0000] {logging_mixin.py:190} INFO - [2024-09-11T19:34:04.581+0000] {dag.py:4156} INFO - Setting next_dagrun for main to None, run_after=None
[2024-09-11T19:34:04.602+0000] {processor.py:208} INFO - Processing /opt/airflow/dags/main.py took 0.185 seconds
[2024-09-11T19:34:34.763+0000] {processor.py:186} INFO - Started process (PID=579) to work on /opt/airflow/dags/main.py
[2024-09-11T19:34:34.764+0000] {processor.py:914} INFO - Processing file /opt/airflow/dags/main.py for tasks to queue
[2024-09-11T19:34:34.767+0000] {logging_mixin.py:190} INFO - [2024-09-11T19:34:34.767+0000] {dagbag.py:587} INFO - Filling up the DagBag from /opt/airflow/dags/main.py
[2024-09-11T19:34:34.869+0000] {processor.py:925} INFO - DAG(s) 'main' retrieved from /opt/airflow/dags/main.py
[2024-09-11T19:34:34.896+0000] {logging_mixin.py:190} INFO - [2024-09-11T19:34:34.896+0000] {dag.py:3229} INFO - Sync 1 DAGs
[2024-09-11T19:34:34.914+0000] {logging_mixin.py:190} INFO - [2024-09-11T19:34:34.913+0000] {dag.py:4156} INFO - Setting next_dagrun for main to None, run_after=None
[2024-09-11T19:34:34.936+0000] {processor.py:208} INFO - Processing /opt/airflow/dags/main.py took 0.182 seconds
[2024-09-11T19:35:05.148+0000] {processor.py:186} INFO - Started process (PID=586) to work on /opt/airflow/dags/main.py
[2024-09-11T19:35:05.149+0000] {processor.py:914} INFO - Processing file /opt/airflow/dags/main.py for tasks to queue
[2024-09-11T19:35:05.153+0000] {logging_mixin.py:190} INFO - [2024-09-11T19:35:05.152+0000] {dagbag.py:587} INFO - Filling up the DagBag from /opt/airflow/dags/main.py
[2024-09-11T19:35:05.258+0000] {processor.py:925} INFO - DAG(s) 'main' retrieved from /opt/airflow/dags/main.py
[2024-09-11T19:35:05.285+0000] {logging_mixin.py:190} INFO - [2024-09-11T19:35:05.284+0000] {dag.py:3229} INFO - Sync 1 DAGs
[2024-09-11T19:35:05.302+0000] {logging_mixin.py:190} INFO - [2024-09-11T19:35:05.301+0000] {dag.py:4156} INFO - Setting next_dagrun for main to None, run_after=None
[2024-09-11T19:35:05.321+0000] {processor.py:208} INFO - Processing /opt/airflow/dags/main.py took 0.183 seconds
[2024-09-11T19:35:35.432+0000] {processor.py:186} INFO - Started process (PID=593) to work on /opt/airflow/dags/main.py
[2024-09-11T19:35:35.434+0000] {processor.py:914} INFO - Processing file /opt/airflow/dags/main.py for tasks to queue
[2024-09-11T19:35:35.437+0000] {logging_mixin.py:190} INFO - [2024-09-11T19:35:35.437+0000] {dagbag.py:587} INFO - Filling up the DagBag from /opt/airflow/dags/main.py
[2024-09-11T19:35:35.559+0000] {processor.py:925} INFO - DAG(s) 'main' retrieved from /opt/airflow/dags/main.py
[2024-09-11T19:35:35.587+0000] {logging_mixin.py:190} INFO - [2024-09-11T19:35:35.587+0000] {dag.py:3229} INFO - Sync 1 DAGs
[2024-09-11T19:35:35.604+0000] {logging_mixin.py:190} INFO - [2024-09-11T19:35:35.604+0000] {dag.py:4156} INFO - Setting next_dagrun for main to None, run_after=None
[2024-09-11T19:35:35.626+0000] {processor.py:208} INFO - Processing /opt/airflow/dags/main.py took 0.203 seconds
[2024-09-11T19:36:05.827+0000] {processor.py:186} INFO - Started process (PID=600) to work on /opt/airflow/dags/main.py
[2024-09-11T19:36:05.828+0000] {processor.py:914} INFO - Processing file /opt/airflow/dags/main.py for tasks to queue
[2024-09-11T19:36:05.832+0000] {logging_mixin.py:190} INFO - [2024-09-11T19:36:05.831+0000] {dagbag.py:587} INFO - Filling up the DagBag from /opt/airflow/dags/main.py
[2024-09-11T19:36:05.941+0000] {processor.py:925} INFO - DAG(s) 'main' retrieved from /opt/airflow/dags/main.py
[2024-09-11T19:36:05.969+0000] {logging_mixin.py:190} INFO - [2024-09-11T19:36:05.969+0000] {dag.py:3229} INFO - Sync 1 DAGs
[2024-09-11T19:36:05.988+0000] {logging_mixin.py:190} INFO - [2024-09-11T19:36:05.988+0000] {dag.py:4156} INFO - Setting next_dagrun for main to None, run_after=None
[2024-09-11T19:36:06.011+0000] {processor.py:208} INFO - Processing /opt/airflow/dags/main.py took 0.193 seconds
[2024-09-11T19:36:36.204+0000] {processor.py:186} INFO - Started process (PID=607) to work on /opt/airflow/dags/main.py
[2024-09-11T19:36:36.205+0000] {processor.py:914} INFO - Processing file /opt/airflow/dags/main.py for tasks to queue
[2024-09-11T19:36:36.208+0000] {logging_mixin.py:190} INFO - [2024-09-11T19:36:36.208+0000] {dagbag.py:587} INFO - Filling up the DagBag from /opt/airflow/dags/main.py
[2024-09-11T19:36:36.308+0000] {processor.py:925} INFO - DAG(s) 'main' retrieved from /opt/airflow/dags/main.py
[2024-09-11T19:36:36.334+0000] {logging_mixin.py:190} INFO - [2024-09-11T19:36:36.333+0000] {dag.py:3229} INFO - Sync 1 DAGs
[2024-09-11T19:36:36.351+0000] {logging_mixin.py:190} INFO - [2024-09-11T19:36:36.350+0000] {dag.py:4156} INFO - Setting next_dagrun for main to None, run_after=None
[2024-09-11T19:36:36.370+0000] {processor.py:208} INFO - Processing /opt/airflow/dags/main.py took 0.175 seconds
[2024-09-11T19:37:06.486+0000] {processor.py:186} INFO - Started process (PID=614) to work on /opt/airflow/dags/main.py
[2024-09-11T19:37:06.487+0000] {processor.py:914} INFO - Processing file /opt/airflow/dags/main.py for tasks to queue
[2024-09-11T19:37:06.491+0000] {logging_mixin.py:190} INFO - [2024-09-11T19:37:06.490+0000] {dagbag.py:587} INFO - Filling up the DagBag from /opt/airflow/dags/main.py
[2024-09-11T19:37:06.614+0000] {processor.py:925} INFO - DAG(s) 'main' retrieved from /opt/airflow/dags/main.py
[2024-09-11T19:37:06.652+0000] {logging_mixin.py:190} INFO - [2024-09-11T19:37:06.652+0000] {dag.py:3229} INFO - Sync 1 DAGs
[2024-09-11T19:37:06.673+0000] {logging_mixin.py:190} INFO - [2024-09-11T19:37:06.672+0000] {dag.py:4156} INFO - Setting next_dagrun for main to None, run_after=None
[2024-09-11T19:37:06.696+0000] {processor.py:208} INFO - Processing /opt/airflow/dags/main.py took 0.218 seconds
[2024-09-11T19:37:37.001+0000] {processor.py:186} INFO - Started process (PID=621) to work on /opt/airflow/dags/main.py
[2024-09-11T19:37:37.002+0000] {processor.py:914} INFO - Processing file /opt/airflow/dags/main.py for tasks to queue
[2024-09-11T19:37:37.006+0000] {logging_mixin.py:190} INFO - [2024-09-11T19:37:37.005+0000] {dagbag.py:587} INFO - Filling up the DagBag from /opt/airflow/dags/main.py
[2024-09-11T19:37:37.112+0000] {processor.py:925} INFO - DAG(s) 'main' retrieved from /opt/airflow/dags/main.py
[2024-09-11T19:37:37.139+0000] {logging_mixin.py:190} INFO - [2024-09-11T19:37:37.138+0000] {dag.py:3229} INFO - Sync 1 DAGs
[2024-09-11T19:37:37.155+0000] {logging_mixin.py:190} INFO - [2024-09-11T19:37:37.155+0000] {dag.py:4156} INFO - Setting next_dagrun for main to None, run_after=None
[2024-09-11T19:37:37.177+0000] {processor.py:208} INFO - Processing /opt/airflow/dags/main.py took 0.185 seconds
[2024-09-11T19:38:07.254+0000] {processor.py:186} INFO - Started process (PID=628) to work on /opt/airflow/dags/main.py
[2024-09-11T19:38:07.256+0000] {processor.py:914} INFO - Processing file /opt/airflow/dags/main.py for tasks to queue
[2024-09-11T19:38:07.259+0000] {logging_mixin.py:190} INFO - [2024-09-11T19:38:07.259+0000] {dagbag.py:587} INFO - Filling up the DagBag from /opt/airflow/dags/main.py
[2024-09-11T19:38:07.359+0000] {processor.py:925} INFO - DAG(s) 'main' retrieved from /opt/airflow/dags/main.py
[2024-09-11T19:38:07.387+0000] {logging_mixin.py:190} INFO - [2024-09-11T19:38:07.386+0000] {dag.py:3229} INFO - Sync 1 DAGs
[2024-09-11T19:38:07.405+0000] {logging_mixin.py:190} INFO - [2024-09-11T19:38:07.405+0000] {dag.py:4156} INFO - Setting next_dagrun for main to None, run_after=None
[2024-09-11T19:38:07.426+0000] {processor.py:208} INFO - Processing /opt/airflow/dags/main.py took 0.181 seconds
[2024-09-11T19:38:37.721+0000] {processor.py:186} INFO - Started process (PID=635) to work on /opt/airflow/dags/main.py
[2024-09-11T19:38:37.722+0000] {processor.py:914} INFO - Processing file /opt/airflow/dags/main.py for tasks to queue
[2024-09-11T19:38:37.726+0000] {logging_mixin.py:190} INFO - [2024-09-11T19:38:37.725+0000] {dagbag.py:587} INFO - Filling up the DagBag from /opt/airflow/dags/main.py
[2024-09-11T19:38:37.879+0000] {processor.py:925} INFO - DAG(s) 'main' retrieved from /opt/airflow/dags/main.py
[2024-09-11T19:38:37.919+0000] {logging_mixin.py:190} INFO - [2024-09-11T19:38:37.919+0000] {dag.py:3229} INFO - Sync 1 DAGs
[2024-09-11T19:38:37.943+0000] {logging_mixin.py:190} INFO - [2024-09-11T19:38:37.942+0000] {dag.py:4156} INFO - Setting next_dagrun for main to None, run_after=None
[2024-09-11T19:38:37.976+0000] {processor.py:208} INFO - Processing /opt/airflow/dags/main.py took 0.265 seconds
[2024-09-11T19:39:08.223+0000] {processor.py:186} INFO - Started process (PID=642) to work on /opt/airflow/dags/main.py
[2024-09-11T19:39:08.225+0000] {processor.py:914} INFO - Processing file /opt/airflow/dags/main.py for tasks to queue
[2024-09-11T19:39:08.227+0000] {logging_mixin.py:190} INFO - [2024-09-11T19:39:08.227+0000] {dagbag.py:587} INFO - Filling up the DagBag from /opt/airflow/dags/main.py
[2024-09-11T19:39:08.323+0000] {processor.py:925} INFO - DAG(s) 'main' retrieved from /opt/airflow/dags/main.py
[2024-09-11T19:39:08.356+0000] {logging_mixin.py:190} INFO - [2024-09-11T19:39:08.355+0000] {dag.py:3229} INFO - Sync 1 DAGs
[2024-09-11T19:39:08.376+0000] {logging_mixin.py:190} INFO - [2024-09-11T19:39:08.376+0000] {dag.py:4156} INFO - Setting next_dagrun for main to None, run_after=None
[2024-09-11T19:39:08.400+0000] {processor.py:208} INFO - Processing /opt/airflow/dags/main.py took 0.183 seconds
[2024-09-11T19:39:38.479+0000] {processor.py:186} INFO - Started process (PID=649) to work on /opt/airflow/dags/main.py
[2024-09-11T19:39:38.480+0000] {processor.py:914} INFO - Processing file /opt/airflow/dags/main.py for tasks to queue
[2024-09-11T19:39:38.483+0000] {logging_mixin.py:190} INFO - [2024-09-11T19:39:38.483+0000] {dagbag.py:587} INFO - Filling up the DagBag from /opt/airflow/dags/main.py
[2024-09-11T19:39:38.582+0000] {processor.py:925} INFO - DAG(s) 'main' retrieved from /opt/airflow/dags/main.py
[2024-09-11T19:39:38.608+0000] {logging_mixin.py:190} INFO - [2024-09-11T19:39:38.608+0000] {dag.py:3229} INFO - Sync 1 DAGs
[2024-09-11T19:39:38.624+0000] {logging_mixin.py:190} INFO - [2024-09-11T19:39:38.624+0000] {dag.py:4156} INFO - Setting next_dagrun for main to None, run_after=None
[2024-09-11T19:39:38.646+0000] {processor.py:208} INFO - Processing /opt/airflow/dags/main.py took 0.176 seconds
[2024-09-11T19:40:08.711+0000] {processor.py:186} INFO - Started process (PID=656) to work on /opt/airflow/dags/main.py
[2024-09-11T19:40:08.713+0000] {processor.py:914} INFO - Processing file /opt/airflow/dags/main.py for tasks to queue
[2024-09-11T19:40:08.716+0000] {logging_mixin.py:190} INFO - [2024-09-11T19:40:08.715+0000] {dagbag.py:587} INFO - Filling up the DagBag from /opt/airflow/dags/main.py
[2024-09-11T19:40:08.811+0000] {processor.py:925} INFO - DAG(s) 'main' retrieved from /opt/airflow/dags/main.py
[2024-09-11T19:40:08.837+0000] {logging_mixin.py:190} INFO - [2024-09-11T19:40:08.836+0000] {dag.py:3229} INFO - Sync 1 DAGs
[2024-09-11T19:40:08.854+0000] {logging_mixin.py:190} INFO - [2024-09-11T19:40:08.854+0000] {dag.py:4156} INFO - Setting next_dagrun for main to None, run_after=None
[2024-09-11T19:40:08.873+0000] {processor.py:208} INFO - Processing /opt/airflow/dags/main.py took 0.170 seconds
[2024-09-11T19:40:39.120+0000] {processor.py:186} INFO - Started process (PID=662) to work on /opt/airflow/dags/main.py
[2024-09-11T19:40:39.121+0000] {processor.py:914} INFO - Processing file /opt/airflow/dags/main.py for tasks to queue
[2024-09-11T19:40:39.125+0000] {logging_mixin.py:190} INFO - [2024-09-11T19:40:39.125+0000] {dagbag.py:587} INFO - Filling up the DagBag from /opt/airflow/dags/main.py
[2024-09-11T19:40:39.228+0000] {processor.py:925} INFO - DAG(s) 'main' retrieved from /opt/airflow/dags/main.py
[2024-09-11T19:40:39.259+0000] {logging_mixin.py:190} INFO - [2024-09-11T19:40:39.259+0000] {dag.py:3229} INFO - Sync 1 DAGs
[2024-09-11T19:40:39.280+0000] {logging_mixin.py:190} INFO - [2024-09-11T19:40:39.280+0000] {dag.py:4156} INFO - Setting next_dagrun for main to None, run_after=None
[2024-09-11T19:40:39.305+0000] {processor.py:208} INFO - Processing /opt/airflow/dags/main.py took 0.193 seconds
[2024-09-11T19:41:09.366+0000] {processor.py:186} INFO - Started process (PID=669) to work on /opt/airflow/dags/main.py
[2024-09-11T19:41:09.367+0000] {processor.py:914} INFO - Processing file /opt/airflow/dags/main.py for tasks to queue
[2024-09-11T19:41:09.370+0000] {logging_mixin.py:190} INFO - [2024-09-11T19:41:09.370+0000] {dagbag.py:587} INFO - Filling up the DagBag from /opt/airflow/dags/main.py
[2024-09-11T19:41:09.472+0000] {processor.py:925} INFO - DAG(s) 'main' retrieved from /opt/airflow/dags/main.py
[2024-09-11T19:41:09.498+0000] {logging_mixin.py:190} INFO - [2024-09-11T19:41:09.498+0000] {dag.py:3229} INFO - Sync 1 DAGs
[2024-09-11T19:41:09.515+0000] {logging_mixin.py:190} INFO - [2024-09-11T19:41:09.515+0000] {dag.py:4156} INFO - Setting next_dagrun for main to None, run_after=None
[2024-09-11T19:41:09.536+0000] {processor.py:208} INFO - Processing /opt/airflow/dags/main.py took 0.179 seconds
[2024-09-11T19:41:39.805+0000] {processor.py:186} INFO - Started process (PID=676) to work on /opt/airflow/dags/main.py
[2024-09-11T19:41:39.806+0000] {processor.py:914} INFO - Processing file /opt/airflow/dags/main.py for tasks to queue
[2024-09-11T19:41:39.809+0000] {logging_mixin.py:190} INFO - [2024-09-11T19:41:39.809+0000] {dagbag.py:587} INFO - Filling up the DagBag from /opt/airflow/dags/main.py
[2024-09-11T19:41:39.915+0000] {processor.py:925} INFO - DAG(s) 'main' retrieved from /opt/airflow/dags/main.py
[2024-09-11T19:41:39.944+0000] {logging_mixin.py:190} INFO - [2024-09-11T19:41:39.944+0000] {dag.py:3229} INFO - Sync 1 DAGs
[2024-09-11T19:41:39.962+0000] {logging_mixin.py:190} INFO - [2024-09-11T19:41:39.962+0000] {dag.py:4156} INFO - Setting next_dagrun for main to None, run_after=None
[2024-09-11T19:41:39.983+0000] {processor.py:208} INFO - Processing /opt/airflow/dags/main.py took 0.187 seconds
[2024-09-11T19:42:10.054+0000] {processor.py:186} INFO - Started process (PID=683) to work on /opt/airflow/dags/main.py
[2024-09-11T19:42:10.056+0000] {processor.py:914} INFO - Processing file /opt/airflow/dags/main.py for tasks to queue
[2024-09-11T19:42:10.059+0000] {logging_mixin.py:190} INFO - [2024-09-11T19:42:10.058+0000] {dagbag.py:587} INFO - Filling up the DagBag from /opt/airflow/dags/main.py
[2024-09-11T19:42:10.170+0000] {processor.py:925} INFO - DAG(s) 'main' retrieved from /opt/airflow/dags/main.py
[2024-09-11T19:42:10.201+0000] {logging_mixin.py:190} INFO - [2024-09-11T19:42:10.201+0000] {dag.py:3229} INFO - Sync 1 DAGs
[2024-09-11T19:42:10.220+0000] {logging_mixin.py:190} INFO - [2024-09-11T19:42:10.220+0000] {dag.py:4156} INFO - Setting next_dagrun for main to None, run_after=None
[2024-09-11T19:42:10.241+0000] {processor.py:208} INFO - Processing /opt/airflow/dags/main.py took 0.196 seconds
