[2024-09-09T20:44:24.980+0000] {local_task_job_runner.py:123} INFO - ::group::Pre task execution logs
[2024-09-09T20:44:25.001+0000] {taskinstance.py:2612} INFO - Dependencies all met for dep_context=non-requeueable deps ti=<TaskInstance: main.query_clickhouse manual__2024-09-09T20:44:23.866250+00:00 [queued]>
[2024-09-09T20:44:25.012+0000] {taskinstance.py:2612} INFO - Dependencies all met for dep_context=requeueable deps ti=<TaskInstance: main.query_clickhouse manual__2024-09-09T20:44:23.866250+00:00 [queued]>
[2024-09-09T20:44:25.013+0000] {taskinstance.py:2865} INFO - Starting attempt 1 of 1
[2024-09-09T20:44:25.028+0000] {taskinstance.py:2888} INFO - Executing <Task(PythonOperator): query_clickhouse> on 2024-09-09 20:44:23.866250+00:00
[2024-09-09T20:44:25.034+0000] {warnings.py:112} WARNING - /home/***/.local/lib/python3.12/site-packages/***/task/task_runner/standard_task_runner.py:70: DeprecationWarning: This process (pid=2801) is multi-threaded, use of fork() may lead to deadlocks in the child.
  pid = os.fork()

[2024-09-09T20:44:25.036+0000] {standard_task_runner.py:72} INFO - Started process 2802 to run task
[2024-09-09T20:44:25.036+0000] {standard_task_runner.py:104} INFO - Running: ['***', 'tasks', 'run', 'main', 'query_clickhouse', 'manual__2024-09-09T20:44:23.866250+00:00', '--job-id', '183', '--raw', '--subdir', 'DAGS_FOLDER/main.py', '--cfg-path', '/tmp/tmpo954onfy']
[2024-09-09T20:44:25.037+0000] {standard_task_runner.py:105} INFO - Job 183: Subtask query_clickhouse
[2024-09-09T20:44:25.090+0000] {task_command.py:467} INFO - Running <TaskInstance: main.query_clickhouse manual__2024-09-09T20:44:23.866250+00:00 [running]> on host 2eebb3c419c1
[2024-09-09T20:44:25.199+0000] {taskinstance.py:3131} INFO - Exporting env vars: AIRFLOW_CTX_DAG_OWNER='***' AIRFLOW_CTX_DAG_ID='main' AIRFLOW_CTX_TASK_ID='query_clickhouse' AIRFLOW_CTX_EXECUTION_DATE='2024-09-09T20:44:23.866250+00:00' AIRFLOW_CTX_TRY_NUMBER='1' AIRFLOW_CTX_DAG_RUN_ID='manual__2024-09-09T20:44:23.866250+00:00'
[2024-09-09T20:44:25.200+0000] {taskinstance.py:731} INFO - ::endgroup::
[2024-09-09T20:44:25.228+0000] {logging_mixin.py:190} INFO - ClickHouse version: 22.1.3.7
[2024-09-09T20:44:25.229+0000] {python.py:240} INFO - Done. Returned value was: None
[2024-09-09T20:44:25.239+0000] {taskinstance.py:340} INFO - ::group::Post task execution logs
[2024-09-09T20:44:25.240+0000] {taskinstance.py:352} INFO - Marking task as SUCCESS. dag_id=main, task_id=query_clickhouse, run_id=manual__2024-09-09T20:44:23.866250+00:00, execution_date=20240909T204423, start_date=20240909T204425, end_date=20240909T204425
[2024-09-09T20:44:25.259+0000] {local_task_job_runner.py:266} INFO - Task exited with return code 0
[2024-09-09T20:44:25.288+0000] {taskinstance.py:3900} INFO - 1 downstream tasks scheduled from follow-on schedule check
[2024-09-09T20:44:25.289+0000] {local_task_job_runner.py:245} INFO - ::endgroup::
