[2024-09-10T18:29:58.742+0000] {local_task_job_runner.py:123} INFO - ::group::Pre task execution logs
[2024-09-10T18:29:58.760+0000] {taskinstance.py:2612} INFO - Dependencies all met for dep_context=non-requeueable deps ti=<TaskInstance: main.query_postgres manual__2024-09-10T18:29:56.221313+00:00 [queued]>
[2024-09-10T18:29:58.771+0000] {taskinstance.py:2612} INFO - Dependencies all met for dep_context=requeueable deps ti=<TaskInstance: main.query_postgres manual__2024-09-10T18:29:56.221313+00:00 [queued]>
[2024-09-10T18:29:58.771+0000] {taskinstance.py:2865} INFO - Starting attempt 1 of 1
[2024-09-10T18:29:58.786+0000] {taskinstance.py:2888} INFO - Executing <Task(PythonOperator): query_postgres> on 2024-09-10 18:29:56.221313+00:00
[2024-09-10T18:29:58.791+0000] {warnings.py:112} WARNING - /home/***/.local/lib/python3.12/site-packages/***/task/task_runner/standard_task_runner.py:70: DeprecationWarning: This process (pid=5078) is multi-threaded, use of fork() may lead to deadlocks in the child.
  pid = os.fork()

[2024-09-10T18:29:58.793+0000] {standard_task_runner.py:72} INFO - Started process 5079 to run task
[2024-09-10T18:29:58.794+0000] {standard_task_runner.py:104} INFO - Running: ['***', 'tasks', 'run', 'main', 'query_postgres', 'manual__2024-09-10T18:29:56.221313+00:00', '--job-id', '320', '--raw', '--subdir', 'DAGS_FOLDER/main.py', '--cfg-path', '/tmp/tmp2p5lck03']
[2024-09-10T18:29:58.795+0000] {standard_task_runner.py:105} INFO - Job 320: Subtask query_postgres
[2024-09-10T18:29:58.848+0000] {task_command.py:467} INFO - Running <TaskInstance: main.query_postgres manual__2024-09-10T18:29:56.221313+00:00 [running]> on host 276739585c9a
[2024-09-10T18:29:58.961+0000] {taskinstance.py:3131} INFO - Exporting env vars: AIRFLOW_CTX_DAG_OWNER='***' AIRFLOW_CTX_DAG_ID='main' AIRFLOW_CTX_TASK_ID='query_postgres' AIRFLOW_CTX_EXECUTION_DATE='2024-09-10T18:29:56.221313+00:00' AIRFLOW_CTX_TRY_NUMBER='1' AIRFLOW_CTX_DAG_RUN_ID='manual__2024-09-10T18:29:56.221313+00:00'
[2024-09-10T18:29:58.963+0000] {taskinstance.py:731} INFO - ::endgroup::
[2024-09-10T18:29:59.029+0000] {logging_mixin.py:190} INFO - PostgreSQL version:                                                        version                                                       
---------------------------------------------------------------------------------------------------------------------
 PostgreSQL 15.8 (Debian 15.8-1.pgdg120+1) on x86_64-pc-linux-gnu, compiled by gcc (Debian 12.2.0-14) 12.2.0, 64-bit
(1 row)
[2024-09-10T18:29:59.030+0000] {python.py:240} INFO - Done. Returned value was: None
[2024-09-10T18:29:59.041+0000] {taskinstance.py:340} INFO - ::group::Post task execution logs
[2024-09-10T18:29:59.041+0000] {taskinstance.py:352} INFO - Marking task as SUCCESS. dag_id=main, task_id=query_postgres, run_id=manual__2024-09-10T18:29:56.221313+00:00, execution_date=20240910T182956, start_date=20240910T182958, end_date=20240910T182959
[2024-09-10T18:29:59.061+0000] {local_task_job_runner.py:266} INFO - Task exited with return code 0
[2024-09-10T18:29:59.088+0000] {taskinstance.py:3900} INFO - 1 downstream tasks scheduled from follow-on schedule check
[2024-09-10T18:29:59.089+0000] {local_task_job_runner.py:245} INFO - ::endgroup::
