[2024-09-17T22:03:37.676+0000] {local_task_job_runner.py:123} INFO - ::group::Pre task execution logs
[2024-09-17T22:03:37.693+0000] {taskinstance.py:2612} INFO - Dependencies all met for dep_context=non-requeueable deps ti=<TaskInstance: main.query_clickhouse manual__2024-09-17T22:03:35.697636+00:00 [queued]>
[2024-09-17T22:03:37.702+0000] {taskinstance.py:2612} INFO - Dependencies all met for dep_context=requeueable deps ti=<TaskInstance: main.query_clickhouse manual__2024-09-17T22:03:35.697636+00:00 [queued]>
[2024-09-17T22:03:37.702+0000] {taskinstance.py:2865} INFO - Starting attempt 1 of 1
[2024-09-17T22:03:37.715+0000] {taskinstance.py:2888} INFO - Executing <Task(PythonOperator): query_clickhouse> on 2024-09-17 22:03:35.697636+00:00
[2024-09-17T22:03:37.720+0000] {warnings.py:112} WARNING - /home/***/.local/lib/python3.12/site-packages/***/task/task_runner/standard_task_runner.py:70: DeprecationWarning: This process (pid=179) is multi-threaded, use of fork() may lead to deadlocks in the child.
  pid = os.fork()

[2024-09-17T22:03:37.722+0000] {standard_task_runner.py:72} INFO - Started process 180 to run task
[2024-09-17T22:03:37.723+0000] {standard_task_runner.py:104} INFO - Running: ['***', 'tasks', 'run', 'main', 'query_clickhouse', 'manual__2024-09-17T22:03:35.697636+00:00', '--job-id', '371', '--raw', '--subdir', 'DAGS_FOLDER/main.py', '--cfg-path', '/tmp/tmptci0peer']
[2024-09-17T22:03:37.725+0000] {standard_task_runner.py:105} INFO - Job 371: Subtask query_clickhouse
[2024-09-17T22:03:37.776+0000] {task_command.py:467} INFO - Running <TaskInstance: main.query_clickhouse manual__2024-09-17T22:03:35.697636+00:00 [running]> on host 04606f861b7d
[2024-09-17T22:03:37.883+0000] {taskinstance.py:3131} INFO - Exporting env vars: AIRFLOW_CTX_DAG_OWNER='***' AIRFLOW_CTX_DAG_ID='main' AIRFLOW_CTX_TASK_ID='query_clickhouse' AIRFLOW_CTX_EXECUTION_DATE='2024-09-17T22:03:35.697636+00:00' AIRFLOW_CTX_TRY_NUMBER='1' AIRFLOW_CTX_DAG_RUN_ID='manual__2024-09-17T22:03:35.697636+00:00'
[2024-09-17T22:03:37.884+0000] {taskinstance.py:731} INFO - ::endgroup::
[2024-09-17T22:03:37.935+0000] {logging_mixin.py:190} INFO - Failed to connect to ClickHouse, status code: 403
[2024-09-17T22:03:37.938+0000] {python.py:240} INFO - Done. Returned value was: None
[2024-09-17T22:03:37.948+0000] {taskinstance.py:340} INFO - ::group::Post task execution logs
[2024-09-17T22:03:37.949+0000] {taskinstance.py:352} INFO - Marking task as SUCCESS. dag_id=main, task_id=query_clickhouse, run_id=manual__2024-09-17T22:03:35.697636+00:00, execution_date=20240917T220335, start_date=20240917T220337, end_date=20240917T220337
[2024-09-17T22:03:37.988+0000] {local_task_job_runner.py:266} INFO - Task exited with return code 0
[2024-09-17T22:03:38.017+0000] {taskinstance.py:3900} INFO - 1 downstream tasks scheduled from follow-on schedule check
[2024-09-17T22:03:38.018+0000] {local_task_job_runner.py:245} INFO - ::endgroup::
