[2024-09-09T20:40:26.916+0000] {local_task_job_runner.py:123} INFO - ::group::Pre task execution logs
[2024-09-09T20:40:26.940+0000] {taskinstance.py:2612} INFO - Dependencies all met for dep_context=non-requeueable deps ti=<TaskInstance: main.query_clickhouse manual__2024-09-09T20:40:26.052570+00:00 [queued]>
[2024-09-09T20:40:26.952+0000] {taskinstance.py:2612} INFO - Dependencies all met for dep_context=requeueable deps ti=<TaskInstance: main.query_clickhouse manual__2024-09-09T20:40:26.052570+00:00 [queued]>
[2024-09-09T20:40:26.952+0000] {taskinstance.py:2865} INFO - Starting attempt 1 of 1
[2024-09-09T20:40:26.969+0000] {taskinstance.py:2888} INFO - Executing <Task(PythonOperator): query_clickhouse> on 2024-09-09 20:40:26.052570+00:00
[2024-09-09T20:40:26.974+0000] {warnings.py:112} WARNING - /home/***/.local/lib/python3.12/site-packages/***/task/task_runner/standard_task_runner.py:70: DeprecationWarning: This process (pid=2239) is multi-threaded, use of fork() may lead to deadlocks in the child.
  pid = os.fork()

[2024-09-09T20:40:26.976+0000] {standard_task_runner.py:72} INFO - Started process 2240 to run task
[2024-09-09T20:40:26.977+0000] {standard_task_runner.py:104} INFO - Running: ['***', 'tasks', 'run', 'main', 'query_clickhouse', 'manual__2024-09-09T20:40:26.052570+00:00', '--job-id', '174', '--raw', '--subdir', 'DAGS_FOLDER/main.py', '--cfg-path', '/tmp/tmp4_ytftwj']
[2024-09-09T20:40:26.979+0000] {standard_task_runner.py:105} INFO - Job 174: Subtask query_clickhouse
[2024-09-09T20:40:27.047+0000] {task_command.py:467} INFO - Running <TaskInstance: main.query_clickhouse manual__2024-09-09T20:40:26.052570+00:00 [running]> on host 2eebb3c419c1
[2024-09-09T20:40:27.152+0000] {taskinstance.py:3131} INFO - Exporting env vars: AIRFLOW_CTX_DAG_OWNER='***' AIRFLOW_CTX_DAG_ID='main' AIRFLOW_CTX_TASK_ID='query_clickhouse' AIRFLOW_CTX_EXECUTION_DATE='2024-09-09T20:40:26.052570+00:00' AIRFLOW_CTX_TRY_NUMBER='1' AIRFLOW_CTX_DAG_RUN_ID='manual__2024-09-09T20:40:26.052570+00:00'
[2024-09-09T20:40:27.153+0000] {taskinstance.py:731} INFO - ::endgroup::
[2024-09-09T20:40:27.180+0000] {logging_mixin.py:190} INFO - ClickHouse version: 22.1.3.7
[2024-09-09T20:40:27.181+0000] {python.py:240} INFO - Done. Returned value was: None
[2024-09-09T20:40:27.193+0000] {taskinstance.py:340} INFO - ::group::Post task execution logs
[2024-09-09T20:40:27.194+0000] {taskinstance.py:352} INFO - Marking task as SUCCESS. dag_id=main, task_id=query_clickhouse, run_id=manual__2024-09-09T20:40:26.052570+00:00, execution_date=20240909T204026, start_date=20240909T204026, end_date=20240909T204027
[2024-09-09T20:40:27.242+0000] {local_task_job_runner.py:266} INFO - Task exited with return code 0
[2024-09-09T20:40:27.273+0000] {taskinstance.py:3900} INFO - 1 downstream tasks scheduled from follow-on schedule check
[2024-09-09T20:40:27.275+0000] {local_task_job_runner.py:245} INFO - ::endgroup::
