[2024-09-09T21:49:39.994+0000] {local_task_job_runner.py:123} INFO - ::group::Pre task execution logs
[2024-09-09T21:49:40.012+0000] {taskinstance.py:2612} INFO - Dependencies all met for dep_context=non-requeueable deps ti=<TaskInstance: main.query_clickhouse manual__2024-09-09T21:49:38.578839+00:00 [queued]>
[2024-09-09T21:49:40.021+0000] {taskinstance.py:2612} INFO - Dependencies all met for dep_context=requeueable deps ti=<TaskInstance: main.query_clickhouse manual__2024-09-09T21:49:38.578839+00:00 [queued]>
[2024-09-09T21:49:40.021+0000] {taskinstance.py:2865} INFO - Starting attempt 1 of 1
[2024-09-09T21:49:40.038+0000] {taskinstance.py:2888} INFO - Executing <Task(PythonOperator): query_clickhouse> on 2024-09-09 21:49:38.578839+00:00
[2024-09-09T21:49:40.045+0000] {warnings.py:112} WARNING - /home/***/.local/lib/python3.12/site-packages/***/task/task_runner/standard_task_runner.py:70: DeprecationWarning: This process (pid=1792) is multi-threaded, use of fork() may lead to deadlocks in the child.
  pid = os.fork()

[2024-09-09T21:49:40.047+0000] {standard_task_runner.py:72} INFO - Started process 1793 to run task
[2024-09-09T21:49:40.047+0000] {standard_task_runner.py:104} INFO - Running: ['***', 'tasks', 'run', 'main', 'query_clickhouse', 'manual__2024-09-09T21:49:38.578839+00:00', '--job-id', '233', '--raw', '--subdir', 'DAGS_FOLDER/main.py', '--cfg-path', '/tmp/tmp4bctna4w']
[2024-09-09T21:49:40.048+0000] {standard_task_runner.py:105} INFO - Job 233: Subtask query_clickhouse
[2024-09-09T21:49:40.099+0000] {task_command.py:467} INFO - Running <TaskInstance: main.query_clickhouse manual__2024-09-09T21:49:38.578839+00:00 [running]> on host 1172ef8b9371
[2024-09-09T21:49:40.193+0000] {taskinstance.py:3131} INFO - Exporting env vars: AIRFLOW_CTX_DAG_OWNER='***' AIRFLOW_CTX_DAG_ID='main' AIRFLOW_CTX_TASK_ID='query_clickhouse' AIRFLOW_CTX_EXECUTION_DATE='2024-09-09T21:49:38.578839+00:00' AIRFLOW_CTX_TRY_NUMBER='1' AIRFLOW_CTX_DAG_RUN_ID='manual__2024-09-09T21:49:38.578839+00:00'
[2024-09-09T21:49:40.194+0000] {taskinstance.py:731} INFO - ::endgroup::
[2024-09-09T21:49:40.219+0000] {logging_mixin.py:190} INFO - ClickHouse version: 22.1.3.7
[2024-09-09T21:49:40.220+0000] {python.py:240} INFO - Done. Returned value was: None
[2024-09-09T21:49:40.231+0000] {taskinstance.py:340} INFO - ::group::Post task execution logs
[2024-09-09T21:49:40.231+0000] {taskinstance.py:352} INFO - Marking task as SUCCESS. dag_id=main, task_id=query_clickhouse, run_id=manual__2024-09-09T21:49:38.578839+00:00, execution_date=20240909T214938, start_date=20240909T214940, end_date=20240909T214940
[2024-09-09T21:49:40.272+0000] {local_task_job_runner.py:266} INFO - Task exited with return code 0
[2024-09-09T21:49:40.301+0000] {taskinstance.py:3900} INFO - 1 downstream tasks scheduled from follow-on schedule check
[2024-09-09T21:49:40.305+0000] {local_task_job_runner.py:245} INFO - ::endgroup::
