[2024-09-10T17:36:54.646+0000] {local_task_job_runner.py:123} INFO - ::group::Pre task execution logs
[2024-09-10T17:36:54.671+0000] {taskinstance.py:2612} INFO - Dependencies all met for dep_context=non-requeueable deps ti=<TaskInstance: main.query_postgres manual__2024-09-10T17:36:51.330475+00:00 [queued]>
[2024-09-10T17:36:54.684+0000] {taskinstance.py:2612} INFO - Dependencies all met for dep_context=requeueable deps ti=<TaskInstance: main.query_postgres manual__2024-09-10T17:36:51.330475+00:00 [queued]>
[2024-09-10T17:36:54.685+0000] {taskinstance.py:2865} INFO - Starting attempt 1 of 1
[2024-09-10T17:36:54.707+0000] {taskinstance.py:2888} INFO - Executing <Task(PythonOperator): query_postgres> on 2024-09-10 17:36:51.330475+00:00
[2024-09-10T17:36:54.714+0000] {warnings.py:112} WARNING - /home/***/.local/lib/python3.12/site-packages/***/task/task_runner/standard_task_runner.py:70: DeprecationWarning: This process (pid=782) is multi-threaded, use of fork() may lead to deadlocks in the child.
  pid = os.fork()

[2024-09-10T17:36:54.717+0000] {standard_task_runner.py:72} INFO - Started process 783 to run task
[2024-09-10T17:36:54.717+0000] {standard_task_runner.py:104} INFO - Running: ['***', 'tasks', 'run', 'main', 'query_postgres', 'manual__2024-09-10T17:36:51.330475+00:00', '--job-id', '266', '--raw', '--subdir', 'DAGS_FOLDER/main.py', '--cfg-path', '/tmp/tmp1fr89fiy']
[2024-09-10T17:36:54.719+0000] {standard_task_runner.py:105} INFO - Job 266: Subtask query_postgres
[2024-09-10T17:36:54.794+0000] {task_command.py:467} INFO - Running <TaskInstance: main.query_postgres manual__2024-09-10T17:36:51.330475+00:00 [running]> on host 276739585c9a
[2024-09-10T17:36:54.930+0000] {taskinstance.py:3131} INFO - Exporting env vars: AIRFLOW_CTX_DAG_OWNER='***' AIRFLOW_CTX_DAG_ID='main' AIRFLOW_CTX_TASK_ID='query_postgres' AIRFLOW_CTX_EXECUTION_DATE='2024-09-10T17:36:51.330475+00:00' AIRFLOW_CTX_TRY_NUMBER='1' AIRFLOW_CTX_DAG_RUN_ID='manual__2024-09-10T17:36:51.330475+00:00'
[2024-09-10T17:36:54.932+0000] {taskinstance.py:731} INFO - ::endgroup::
[2024-09-10T17:36:55.049+0000] {logging_mixin.py:190} INFO - PostgreSQL version:                                                        version                                                       
---------------------------------------------------------------------------------------------------------------------
 PostgreSQL 15.8 (Debian 15.8-1.pgdg120+1) on x86_64-pc-linux-gnu, compiled by gcc (Debian 12.2.0-14) 12.2.0, 64-bit
(1 row)
[2024-09-10T17:36:55.050+0000] {python.py:240} INFO - Done. Returned value was: None
[2024-09-10T17:36:55.067+0000] {taskinstance.py:340} INFO - ::group::Post task execution logs
[2024-09-10T17:36:55.068+0000] {taskinstance.py:352} INFO - Marking task as SUCCESS. dag_id=main, task_id=query_postgres, run_id=manual__2024-09-10T17:36:51.330475+00:00, execution_date=20240910T173651, start_date=20240910T173654, end_date=20240910T173655
[2024-09-10T17:36:55.110+0000] {local_task_job_runner.py:266} INFO - Task exited with return code 0
[2024-09-10T17:36:55.142+0000] {taskinstance.py:3900} INFO - 1 downstream tasks scheduled from follow-on schedule check
[2024-09-10T17:36:55.145+0000] {local_task_job_runner.py:245} INFO - ::endgroup::
