[2024-09-10T17:13:31.101+0000] {local_task_job_runner.py:123} INFO - ::group::Pre task execution logs
[2024-09-10T17:13:31.130+0000] {taskinstance.py:2612} INFO - Dependencies all met for dep_context=non-requeueable deps ti=<TaskInstance: main.query_postgres manual__2024-09-10T17:13:26.369196+00:00 [queued]>
[2024-09-10T17:13:31.144+0000] {taskinstance.py:2612} INFO - Dependencies all met for dep_context=requeueable deps ti=<TaskInstance: main.query_postgres manual__2024-09-10T17:13:26.369196+00:00 [queued]>
[2024-09-10T17:13:31.145+0000] {taskinstance.py:2865} INFO - Starting attempt 1 of 1
[2024-09-10T17:13:31.168+0000] {taskinstance.py:2888} INFO - Executing <Task(PythonOperator): query_postgres> on 2024-09-10 17:13:26.369196+00:00
[2024-09-10T17:13:31.175+0000] {warnings.py:112} WARNING - /home/***/.local/lib/python3.12/site-packages/***/task/task_runner/standard_task_runner.py:70: DeprecationWarning: This process (pid=85) is multi-threaded, use of fork() may lead to deadlocks in the child.
  pid = os.fork()

[2024-09-10T17:13:31.178+0000] {standard_task_runner.py:72} INFO - Started process 86 to run task
[2024-09-10T17:13:31.179+0000] {standard_task_runner.py:104} INFO - Running: ['***', 'tasks', 'run', 'main', 'query_postgres', 'manual__2024-09-10T17:13:26.369196+00:00', '--job-id', '260', '--raw', '--subdir', 'DAGS_FOLDER/main.py', '--cfg-path', '/tmp/tmprr9m7rxm']
[2024-09-10T17:13:31.180+0000] {standard_task_runner.py:105} INFO - Job 260: Subtask query_postgres
[2024-09-10T17:13:31.252+0000] {task_command.py:467} INFO - Running <TaskInstance: main.query_postgres manual__2024-09-10T17:13:26.369196+00:00 [running]> on host 276739585c9a
[2024-09-10T17:13:31.421+0000] {taskinstance.py:3131} INFO - Exporting env vars: AIRFLOW_CTX_DAG_OWNER='***' AIRFLOW_CTX_DAG_ID='main' AIRFLOW_CTX_TASK_ID='query_postgres' AIRFLOW_CTX_EXECUTION_DATE='2024-09-10T17:13:26.369196+00:00' AIRFLOW_CTX_TRY_NUMBER='1' AIRFLOW_CTX_DAG_RUN_ID='manual__2024-09-10T17:13:26.369196+00:00'
[2024-09-10T17:13:31.423+0000] {taskinstance.py:731} INFO - ::endgroup::
[2024-09-10T17:13:31.594+0000] {logging_mixin.py:190} INFO - PostgreSQL version:                                                        version                                                       
---------------------------------------------------------------------------------------------------------------------
 PostgreSQL 15.8 (Debian 15.8-1.pgdg120+1) on x86_64-pc-linux-gnu, compiled by gcc (Debian 12.2.0-14) 12.2.0, 64-bit
(1 row)
[2024-09-10T17:13:31.595+0000] {python.py:240} INFO - Done. Returned value was: None
[2024-09-10T17:13:31.618+0000] {taskinstance.py:340} INFO - ::group::Post task execution logs
[2024-09-10T17:13:31.620+0000] {taskinstance.py:352} INFO - Marking task as SUCCESS. dag_id=main, task_id=query_postgres, run_id=manual__2024-09-10T17:13:26.369196+00:00, execution_date=20240910T171326, start_date=20240910T171331, end_date=20240910T171331
[2024-09-10T17:13:31.652+0000] {local_task_job_runner.py:266} INFO - Task exited with return code 0
[2024-09-10T17:13:31.686+0000] {taskinstance.py:3900} INFO - 1 downstream tasks scheduled from follow-on schedule check
[2024-09-10T17:13:31.689+0000] {local_task_job_runner.py:245} INFO - ::endgroup::
