[2024-09-10T18:34:11.263+0000] {local_task_job_runner.py:123} INFO - ::group::Pre task execution logs
[2024-09-10T18:34:11.282+0000] {taskinstance.py:2612} INFO - Dependencies all met for dep_context=non-requeueable deps ti=<TaskInstance: main.query_clickhouse manual__2024-09-10T18:34:10.284190+00:00 [queued]>
[2024-09-10T18:34:11.291+0000] {taskinstance.py:2612} INFO - Dependencies all met for dep_context=requeueable deps ti=<TaskInstance: main.query_clickhouse manual__2024-09-10T18:34:10.284190+00:00 [queued]>
[2024-09-10T18:34:11.292+0000] {taskinstance.py:2865} INFO - Starting attempt 1 of 1
[2024-09-10T18:34:11.308+0000] {taskinstance.py:2888} INFO - Executing <Task(PythonOperator): query_clickhouse> on 2024-09-10 18:34:10.284190+00:00
[2024-09-10T18:34:11.316+0000] {warnings.py:112} WARNING - /home/***/.local/lib/python3.12/site-packages/***/task/task_runner/standard_task_runner.py:70: DeprecationWarning: This process (pid=5322) is multi-threaded, use of fork() may lead to deadlocks in the child.
  pid = os.fork()

[2024-09-10T18:34:11.317+0000] {standard_task_runner.py:72} INFO - Started process 5323 to run task
[2024-09-10T18:34:11.317+0000] {standard_task_runner.py:104} INFO - Running: ['***', 'tasks', 'run', 'main', 'query_clickhouse', 'manual__2024-09-10T18:34:10.284190+00:00', '--job-id', '322', '--raw', '--subdir', 'DAGS_FOLDER/main.py', '--cfg-path', '/tmp/tmpoa_d1vgv']
[2024-09-10T18:34:11.318+0000] {standard_task_runner.py:105} INFO - Job 322: Subtask query_clickhouse
[2024-09-10T18:34:11.373+0000] {task_command.py:467} INFO - Running <TaskInstance: main.query_clickhouse manual__2024-09-10T18:34:10.284190+00:00 [running]> on host 276739585c9a
[2024-09-10T18:34:11.482+0000] {taskinstance.py:3131} INFO - Exporting env vars: AIRFLOW_CTX_DAG_OWNER='***' AIRFLOW_CTX_DAG_ID='main' AIRFLOW_CTX_TASK_ID='query_clickhouse' AIRFLOW_CTX_EXECUTION_DATE='2024-09-10T18:34:10.284190+00:00' AIRFLOW_CTX_TRY_NUMBER='1' AIRFLOW_CTX_DAG_RUN_ID='manual__2024-09-10T18:34:10.284190+00:00'
[2024-09-10T18:34:11.483+0000] {taskinstance.py:731} INFO - ::endgroup::
[2024-09-10T18:34:11.517+0000] {logging_mixin.py:190} INFO - ClickHouse version: 22.1.3.7
[2024-09-10T18:34:11.518+0000] {python.py:240} INFO - Done. Returned value was: None
[2024-09-10T18:34:11.530+0000] {taskinstance.py:340} INFO - ::group::Post task execution logs
[2024-09-10T18:34:11.531+0000] {taskinstance.py:352} INFO - Marking task as SUCCESS. dag_id=main, task_id=query_clickhouse, run_id=manual__2024-09-10T18:34:10.284190+00:00, execution_date=20240910T183410, start_date=20240910T183411, end_date=20240910T183411
[2024-09-10T18:34:11.583+0000] {local_task_job_runner.py:266} INFO - Task exited with return code 0
[2024-09-10T18:34:11.619+0000] {taskinstance.py:3900} INFO - 1 downstream tasks scheduled from follow-on schedule check
[2024-09-10T18:34:11.621+0000] {local_task_job_runner.py:245} INFO - ::endgroup::
