[2024-09-10T18:11:59.857+0000] {local_task_job_runner.py:123} INFO - ::group::Pre task execution logs
[2024-09-10T18:11:59.878+0000] {taskinstance.py:2612} INFO - Dependencies all met for dep_context=non-requeueable deps ti=<TaskInstance: main.query_postgres manual__2024-09-10T18:11:57.429072+00:00 [queued]>
[2024-09-10T18:11:59.889+0000] {taskinstance.py:2612} INFO - Dependencies all met for dep_context=requeueable deps ti=<TaskInstance: main.query_postgres manual__2024-09-10T18:11:57.429072+00:00 [queued]>
[2024-09-10T18:11:59.889+0000] {taskinstance.py:2865} INFO - Starting attempt 1 of 1
[2024-09-10T18:11:59.905+0000] {taskinstance.py:2888} INFO - Executing <Task(PythonOperator): query_postgres> on 2024-09-10 18:11:57.429072+00:00
[2024-09-10T18:11:59.910+0000] {warnings.py:112} WARNING - /home/***/.local/lib/python3.12/site-packages/***/task/task_runner/standard_task_runner.py:70: DeprecationWarning: This process (pid=3241) is multi-threaded, use of fork() may lead to deadlocks in the child.
  pid = os.fork()

[2024-09-10T18:11:59.912+0000] {standard_task_runner.py:72} INFO - Started process 3242 to run task
[2024-09-10T18:11:59.913+0000] {standard_task_runner.py:104} INFO - Running: ['***', 'tasks', 'run', 'main', 'query_postgres', 'manual__2024-09-10T18:11:57.429072+00:00', '--job-id', '296', '--raw', '--subdir', 'DAGS_FOLDER/main.py', '--cfg-path', '/tmp/tmp2zkhcxyq']
[2024-09-10T18:11:59.914+0000] {standard_task_runner.py:105} INFO - Job 296: Subtask query_postgres
[2024-09-10T18:11:59.967+0000] {task_command.py:467} INFO - Running <TaskInstance: main.query_postgres manual__2024-09-10T18:11:57.429072+00:00 [running]> on host 276739585c9a
[2024-09-10T18:12:00.069+0000] {taskinstance.py:3131} INFO - Exporting env vars: AIRFLOW_CTX_DAG_OWNER='***' AIRFLOW_CTX_DAG_ID='main' AIRFLOW_CTX_TASK_ID='query_postgres' AIRFLOW_CTX_EXECUTION_DATE='2024-09-10T18:11:57.429072+00:00' AIRFLOW_CTX_TRY_NUMBER='1' AIRFLOW_CTX_DAG_RUN_ID='manual__2024-09-10T18:11:57.429072+00:00'
[2024-09-10T18:12:00.070+0000] {taskinstance.py:731} INFO - ::endgroup::
[2024-09-10T18:12:00.139+0000] {logging_mixin.py:190} INFO - PostgreSQL version:                                                        version                                                       
---------------------------------------------------------------------------------------------------------------------
 PostgreSQL 15.8 (Debian 15.8-1.pgdg120+1) on x86_64-pc-linux-gnu, compiled by gcc (Debian 12.2.0-14) 12.2.0, 64-bit
(1 row)
[2024-09-10T18:12:00.140+0000] {python.py:240} INFO - Done. Returned value was: None
[2024-09-10T18:12:00.151+0000] {taskinstance.py:340} INFO - ::group::Post task execution logs
[2024-09-10T18:12:00.152+0000] {taskinstance.py:352} INFO - Marking task as SUCCESS. dag_id=main, task_id=query_postgres, run_id=manual__2024-09-10T18:11:57.429072+00:00, execution_date=20240910T181157, start_date=20240910T181159, end_date=20240910T181200
[2024-09-10T18:12:00.176+0000] {local_task_job_runner.py:266} INFO - Task exited with return code 0
[2024-09-10T18:12:00.201+0000] {taskinstance.py:3900} INFO - 1 downstream tasks scheduled from follow-on schedule check
[2024-09-10T18:12:00.203+0000] {local_task_job_runner.py:245} INFO - ::endgroup::
