[2024-09-17T22:10:06.609+0000] {local_task_job_runner.py:123} INFO - ::group::Pre task execution logs
[2024-09-17T22:10:06.632+0000] {taskinstance.py:2612} INFO - Dependencies all met for dep_context=non-requeueable deps ti=<TaskInstance: main.etl_process manual__2024-09-17T22:10:00.940145+00:00 [queued]>
[2024-09-17T22:10:06.642+0000] {taskinstance.py:2612} INFO - Dependencies all met for dep_context=requeueable deps ti=<TaskInstance: main.etl_process manual__2024-09-17T22:10:00.940145+00:00 [queued]>
[2024-09-17T22:10:06.643+0000] {taskinstance.py:2865} INFO - Starting attempt 1 of 1
[2024-09-17T22:10:06.660+0000] {taskinstance.py:2888} INFO - Executing <Task(PythonOperator): etl_process> on 2024-09-17 22:10:00.940145+00:00
[2024-09-17T22:10:06.666+0000] {warnings.py:112} WARNING - /home/***/.local/lib/python3.12/site-packages/***/task/task_runner/standard_task_runner.py:70: DeprecationWarning: This process (pid=620) is multi-threaded, use of fork() may lead to deadlocks in the child.
  pid = os.fork()

[2024-09-17T22:10:06.668+0000] {standard_task_runner.py:72} INFO - Started process 621 to run task
[2024-09-17T22:10:06.668+0000] {standard_task_runner.py:104} INFO - Running: ['***', 'tasks', 'run', 'main', 'etl_process', 'manual__2024-09-17T22:10:00.940145+00:00', '--job-id', '376', '--raw', '--subdir', 'DAGS_FOLDER/main.py', '--cfg-path', '/tmp/tmpcrv_ey77']
[2024-09-17T22:10:06.670+0000] {standard_task_runner.py:105} INFO - Job 376: Subtask etl_process
[2024-09-17T22:10:06.727+0000] {task_command.py:467} INFO - Running <TaskInstance: main.etl_process manual__2024-09-17T22:10:00.940145+00:00 [running]> on host 04606f861b7d
[2024-09-17T22:10:06.832+0000] {taskinstance.py:3131} INFO - Exporting env vars: AIRFLOW_CTX_DAG_OWNER='***' AIRFLOW_CTX_DAG_ID='main' AIRFLOW_CTX_TASK_ID='etl_process' AIRFLOW_CTX_EXECUTION_DATE='2024-09-17T22:10:00.940145+00:00' AIRFLOW_CTX_TRY_NUMBER='1' AIRFLOW_CTX_DAG_RUN_ID='manual__2024-09-17T22:10:00.940145+00:00'
[2024-09-17T22:10:06.833+0000] {taskinstance.py:731} INFO - ::endgroup::
[2024-09-17T22:10:30.359+0000] {logging_mixin.py:190} INFO - +--------+
|avg_year|
+--------+
|    1972|
+--------+
[2024-09-17T22:10:34.428+0000] {logging_mixin.py:190} INFO - +-----------+
|median_year|
+-----------+
|       1972|
+-----------+
[2024-09-17T22:10:38.798+0000] {logging_mixin.py:190} INFO - +--------------------+-----+
|              region|count|
+--------------------+-----+
|  Московская область|24617|
|              Москва|21632|
|Свердловская область|20329|
|   Красноярский край|13646|
|Республика Татарстан|13528|
|Нижегородская обл...|13159|
| Кемеровская область|11961|
|   Иркутская область|10207|
|  Ростовская область| 9942|
|   Самарская область| 9792|
+--------------------+-----+
[2024-09-17T22:10:42.963+0000] {logging_mixin.py:190} INFO - +---------------+-----+
|  locality_name|count|
+---------------+-----+
|         Москва|21551|
|         Самара| 5713|
|     Красноярск| 5170|
|   Екатеринбург| 4728|
|         Казань| 4657|
|Санкт-Петербург| 4542|
|    Новосибирск| 4436|
|    Калининград| 4427|
|        Воронеж| 4215|
| Ростов-на-Дону| 3547|
+---------------+-----+
[2024-09-17T22:10:48.139+0000] {logging_mixin.py:190} INFO - +--------+--------------------+---+
|house_id|              region|min|
+--------+--------------------+---+
|  103136|Республика Башкор...|0.2|
|  124970|Республика Башкор...|0.2|
|  124951|Республика Башкор...|0.2|
|  124952|Республика Башкор...|0.2|
|  124953|Республика Башкор...|0.2|
|  124954|Республика Башкор...|0.2|
|  124955|Республика Башкор...|0.2|
|  124956|Республика Башкор...|0.2|
|  124957|Республика Башкор...|0.2|
|  124958|Республика Башкор...|0.2|
|  124959|Республика Башкор...|0.2|
|  124960|Республика Башкор...|0.2|
|  124961|Республика Башкор...|0.2|
|  124962|Республика Башкор...|0.2|
|  124963|Республика Башкор...|0.2|
|  124964|Республика Башкор...|0.2|
|  124965|Республика Башкор...|0.2|
|  124966|Республика Башкор...|0.2|
|  124967|Республика Башкор...|0.2|
|  124968|Республика Башкор...|0.2|
+--------+--------------------+---+
only showing top 20 rows
[2024-09-17T22:10:52.928+0000] {logging_mixin.py:190} INFO - +--------+--------------------+-----+
|house_id|              region|  max|
+--------+--------------------+-----+
|  405168|Приволжский федер...|116.0|
|  405188|Приволжский федер...|116.0|
|  405169|Приволжский федер...|116.0|
|  405170|Приволжский федер...|116.0|
|  405171|Приволжский федер...|116.0|
|  405172|Приволжский федер...|116.0|
|  405173|Приволжский федер...|116.0|
|  405174|Приволжский федер...|116.0|
|  405175|Приволжский федер...|116.0|
|  405176|Приволжский федер...|116.0|
|  405177|Приволжский федер...|116.0|
|  405178|Приволжский федер...|116.0|
|  405179|Приволжский федер...|116.0|
|  405180|Приволжский федер...|116.0|
|  405181|Приволжский федер...|116.0|
|  405182|Приволжский федер...|116.0|
|  405183|Приволжский федер...|116.0|
|  405184|Приволжский федер...|116.0|
|  405185|Приволжский федер...|116.0|
|  405186|Приволжский федер...|116.0|
+--------+--------------------+-----+
only showing top 20 rows
[2024-09-17T22:10:57.445+0000] {logging_mixin.py:190} INFO - +----+-----+
| age|count|
+----+-----+
|1920| 3563|
|1930| 9834|
|1940|15703|
|1950|68324|
|1960|95062|
|1970|84544|
|1980|78445|
|1990|37092|
|2000|19741|
|2010| 9902|
+----+-----+
[2024-09-17T22:10:57.749+0000] {python.py:240} INFO - Done. Returned value was: None
[2024-09-17T22:10:57.765+0000] {taskinstance.py:340} INFO - ::group::Post task execution logs
[2024-09-17T22:10:57.766+0000] {taskinstance.py:352} INFO - Marking task as SUCCESS. dag_id=main, task_id=etl_process, run_id=manual__2024-09-17T22:10:00.940145+00:00, execution_date=20240917T221000, start_date=20240917T221006, end_date=20240917T221057
[2024-09-17T22:10:57.806+0000] {local_task_job_runner.py:266} INFO - Task exited with return code 0
[2024-09-17T22:10:57.833+0000] {taskinstance.py:3900} INFO - 1 downstream tasks scheduled from follow-on schedule check
[2024-09-17T22:10:57.835+0000] {local_task_job_runner.py:245} INFO - ::endgroup::
