[2024-09-10T17:49:47.814+0000] {local_task_job_runner.py:123} INFO - ::group::Pre task execution logs
[2024-09-10T17:49:47.840+0000] {taskinstance.py:2612} INFO - Dependencies all met for dep_context=non-requeueable deps ti=<TaskInstance: main.query_postgres manual__2024-09-10T17:49:43.941867+00:00 [queued]>
[2024-09-10T17:49:47.854+0000] {taskinstance.py:2612} INFO - Dependencies all met for dep_context=requeueable deps ti=<TaskInstance: main.query_postgres manual__2024-09-10T17:49:43.941867+00:00 [queued]>
[2024-09-10T17:49:47.855+0000] {taskinstance.py:2865} INFO - Starting attempt 1 of 1
[2024-09-10T17:49:47.876+0000] {taskinstance.py:2888} INFO - Executing <Task(PythonOperator): query_postgres> on 2024-09-10 17:49:43.941867+00:00
[2024-09-10T17:49:47.883+0000] {warnings.py:112} WARNING - /home/***/.local/lib/python3.12/site-packages/***/task/task_runner/standard_task_runner.py:70: DeprecationWarning: This process (pid=1961) is multi-threaded, use of fork() may lead to deadlocks in the child.
  pid = os.fork()

[2024-09-10T17:49:47.885+0000] {standard_task_runner.py:72} INFO - Started process 1962 to run task
[2024-09-10T17:49:47.887+0000] {standard_task_runner.py:104} INFO - Running: ['***', 'tasks', 'run', 'main', 'query_postgres', 'manual__2024-09-10T17:49:43.941867+00:00', '--job-id', '281', '--raw', '--subdir', 'DAGS_FOLDER/main.py', '--cfg-path', '/tmp/tmp0aswvoz2']
[2024-09-10T17:49:47.889+0000] {standard_task_runner.py:105} INFO - Job 281: Subtask query_postgres
[2024-09-10T17:49:47.957+0000] {task_command.py:467} INFO - Running <TaskInstance: main.query_postgres manual__2024-09-10T17:49:43.941867+00:00 [running]> on host 276739585c9a
[2024-09-10T17:49:48.088+0000] {taskinstance.py:3131} INFO - Exporting env vars: AIRFLOW_CTX_DAG_OWNER='***' AIRFLOW_CTX_DAG_ID='main' AIRFLOW_CTX_TASK_ID='query_postgres' AIRFLOW_CTX_EXECUTION_DATE='2024-09-10T17:49:43.941867+00:00' AIRFLOW_CTX_TRY_NUMBER='1' AIRFLOW_CTX_DAG_RUN_ID='manual__2024-09-10T17:49:43.941867+00:00'
[2024-09-10T17:49:48.089+0000] {taskinstance.py:731} INFO - ::endgroup::
[2024-09-10T17:49:48.185+0000] {logging_mixin.py:190} INFO - PostgreSQL version:                                                        version                                                       
---------------------------------------------------------------------------------------------------------------------
 PostgreSQL 15.8 (Debian 15.8-1.pgdg120+1) on x86_64-pc-linux-gnu, compiled by gcc (Debian 12.2.0-14) 12.2.0, 64-bit
(1 row)
[2024-09-10T17:49:48.186+0000] {python.py:240} INFO - Done. Returned value was: None
[2024-09-10T17:49:48.201+0000] {taskinstance.py:340} INFO - ::group::Post task execution logs
[2024-09-10T17:49:48.202+0000] {taskinstance.py:352} INFO - Marking task as SUCCESS. dag_id=main, task_id=query_postgres, run_id=manual__2024-09-10T17:49:43.941867+00:00, execution_date=20240910T174943, start_date=20240910T174947, end_date=20240910T174948
[2024-09-10T17:49:48.236+0000] {local_task_job_runner.py:266} INFO - Task exited with return code 0
[2024-09-10T17:49:48.269+0000] {taskinstance.py:3900} INFO - 1 downstream tasks scheduled from follow-on schedule check
[2024-09-10T17:49:48.272+0000] {local_task_job_runner.py:245} INFO - ::endgroup::
